2022/04/25 03:05:02 [notice] 1#1: using the "epoll" event method
2022/04/25 03:05:02 [notice] 1#1: nginx/1.21.6
2022/04/25 03:05:02 [notice] 1#1: built by gcc 10.2.1 20210110 (Debian 10.2.1-6) 
2022/04/25 03:05:02 [notice] 1#1: OS: Linux 5.13.0-40-generic
2022/04/25 03:05:02 [notice] 1#1: getrlimit(RLIMIT_NOFILE): 1048576:1048576
2022/04/25 03:05:02 [notice] 1#1: start worker processes
2022/04/25 03:05:02 [notice] 1#1: start worker process 30
2022/04/25 03:05:02 [notice] 1#1: start worker process 31
2022/04/25 03:05:02 [notice] 1#1: start worker process 32
2022/04/25 03:05:02 [notice] 1#1: start worker process 33
2022/04/25 03:05:02 [notice] 1#1: start worker process 34
2022/04/25 03:05:02 [notice] 1#1: start worker process 35
2022/04/25 03:05:02 [notice] 1#1: start worker process 36
2022/04/25 03:05:02 [notice] 1#1: start worker process 37
2022/04/25 03:09:48 [notice] 1#1: signal 3 (SIGQUIT) received, shutting down
2022/04/25 03:09:48 [notice] 30#30: gracefully shutting down
2022/04/25 03:09:48 [notice] 31#31: gracefully shutting down
2022/04/25 03:09:48 [notice] 32#32: gracefully shutting down
2022/04/25 03:09:48 [notice] 33#33: gracefully shutting down
2022/04/25 03:09:48 [notice] 30#30: exiting
2022/04/25 03:09:48 [notice] 35#35: gracefully shutting down
2022/04/25 03:09:48 [notice] 31#31: exiting
2022/04/25 03:09:48 [notice] 34#34: gracefully shutting down
2022/04/25 03:09:48 [notice] 32#32: exiting
2022/04/25 03:09:48 [notice] 33#33: exiting
2022/04/25 03:09:48 [notice] 35#35: exiting
2022/04/25 03:09:48 [notice] 34#34: exiting
2022/04/25 03:09:48 [notice] 30#30: exit
2022/04/25 03:09:48 [notice] 32#32: exit
2022/04/25 03:09:48 [notice] 31#31: exit
2022/04/25 03:09:48 [notice] 33#33: exit
2022/04/25 03:09:48 [notice] 35#35: exit
2022/04/25 03:09:48 [notice] 34#34: exit
2022/04/25 03:09:48 [notice] 37#37: gracefully shutting down
2022/04/25 03:09:48 [notice] 36#36: gracefully shutting down
2022/04/25 03:09:48 [notice] 37#37: exiting
2022/04/25 03:09:48 [notice] 36#36: exiting
2022/04/25 03:09:48 [notice] 37#37: exit
2022/04/25 03:09:48 [notice] 36#36: exit
2022/04/25 03:09:48 [notice] 1#1: signal 17 (SIGCHLD) received from 32
2022/04/25 03:09:48 [notice] 1#1: worker process 32 exited with code 0
2022/04/25 03:09:48 [notice] 1#1: signal 29 (SIGIO) received
2022/04/25 03:09:48 [notice] 1#1: signal 17 (SIGCHLD) received from 30
2022/04/25 03:09:48 [notice] 1#1: worker process 30 exited with code 0
2022/04/25 03:09:48 [notice] 1#1: signal 29 (SIGIO) received
2022/04/25 03:09:48 [notice] 1#1: signal 17 (SIGCHLD) received from 34
2022/04/25 03:09:48 [notice] 1#1: worker process 34 exited with code 0
2022/04/25 03:09:48 [notice] 1#1: worker process 36 exited with code 0
2022/04/25 03:09:48 [notice] 1#1: signal 29 (SIGIO) received
2022/04/25 03:09:48 [notice] 1#1: signal 17 (SIGCHLD) received from 31
2022/04/25 03:09:48 [notice] 1#1: worker process 31 exited with code 0
2022/04/25 03:09:48 [notice] 1#1: signal 29 (SIGIO) received
2022/04/25 03:09:48 [notice] 1#1: signal 17 (SIGCHLD) received from 33
2022/04/25 03:09:48 [notice] 1#1: worker process 33 exited with code 0
2022/04/25 03:09:48 [notice] 1#1: signal 29 (SIGIO) received
2022/04/25 03:09:48 [notice] 1#1: signal 17 (SIGCHLD) received from 35
2022/04/25 03:09:48 [notice] 1#1: worker process 35 exited with code 0
2022/04/25 03:09:48 [notice] 1#1: worker process 37 exited with code 0
2022/04/25 03:09:48 [notice] 1#1: exit
2022/04/25 03:09:56 [notice] 1#1: using the "epoll" event method
2022/04/25 03:09:56 [notice] 1#1: nginx/1.21.6
2022/04/25 03:09:56 [notice] 1#1: built by gcc 10.2.1 20210110 (Debian 10.2.1-6) 
2022/04/25 03:09:56 [notice] 1#1: OS: Linux 5.13.0-40-generic
2022/04/25 03:09:56 [notice] 1#1: getrlimit(RLIMIT_NOFILE): 1048576:1048576
2022/04/25 03:09:56 [notice] 1#1: start worker processes
2022/04/25 03:09:56 [notice] 1#1: start worker process 30
2022/04/25 03:09:56 [notice] 1#1: start worker process 31
2022/04/25 03:09:56 [notice] 1#1: start worker process 32
2022/04/25 03:09:56 [notice] 1#1: start worker process 33
2022/04/25 03:09:56 [notice] 1#1: start worker process 34
2022/04/25 03:09:56 [notice] 1#1: start worker process 35
2022/04/25 03:09:56 [notice] 1#1: start worker process 36
2022/04/25 03:09:56 [notice] 1#1: start worker process 37
2022/04/25 03:28:48 [notice] 1#1: signal 3 (SIGQUIT) received, shutting down
2022/04/25 03:28:48 [notice] 30#30: gracefully shutting down
2022/04/25 03:28:48 [notice] 31#31: gracefully shutting down
2022/04/25 03:28:48 [notice] 32#32: gracefully shutting down
2022/04/25 03:28:48 [notice] 33#33: gracefully shutting down
2022/04/25 03:28:48 [notice] 30#30: exiting
2022/04/25 03:28:48 [notice] 36#36: gracefully shutting down
2022/04/25 03:28:48 [notice] 33#33: exiting
2022/04/25 03:28:48 [notice] 31#31: exiting
2022/04/25 03:28:48 [notice] 37#37: gracefully shutting down
2022/04/25 03:28:48 [notice] 35#35: gracefully shutting down
2022/04/25 03:28:48 [notice] 32#32: exiting
2022/04/25 03:28:48 [notice] 36#36: exiting
2022/04/25 03:28:48 [notice] 37#37: exiting
2022/04/25 03:28:48 [notice] 30#30: exit
2022/04/25 03:28:48 [notice] 35#35: exiting
2022/04/25 03:28:48 [notice] 33#33: exit
2022/04/25 03:28:48 [notice] 31#31: exit
2022/04/25 03:28:48 [notice] 36#36: exit
2022/04/25 03:28:48 [notice] 32#32: exit
2022/04/25 03:28:48 [notice] 35#35: exit
2022/04/25 03:28:48 [notice] 37#37: exit
2022/04/25 03:28:48 [notice] 34#34: gracefully shutting down
2022/04/25 03:28:48 [notice] 34#34: exiting
2022/04/25 03:28:48 [notice] 34#34: exit
2022/04/25 03:28:48 [notice] 1#1: signal 17 (SIGCHLD) received from 33
2022/04/25 03:28:48 [notice] 1#1: worker process 33 exited with code 0
2022/04/25 03:28:48 [notice] 1#1: signal 29 (SIGIO) received
2022/04/25 03:28:48 [notice] 1#1: signal 17 (SIGCHLD) received from 36
2022/04/25 03:28:48 [notice] 1#1: worker process 36 exited with code 0
2022/04/25 03:28:48 [notice] 1#1: worker process 32 exited with code 0
2022/04/25 03:28:48 [notice] 1#1: worker process 34 exited with code 0
2022/04/25 03:28:48 [notice] 1#1: signal 29 (SIGIO) received
2022/04/25 03:28:48 [notice] 1#1: signal 17 (SIGCHLD) received from 32
2022/04/25 03:28:48 [notice] 1#1: signal 17 (SIGCHLD) received from 30
2022/04/25 03:28:48 [notice] 1#1: worker process 30 exited with code 0
2022/04/25 03:28:48 [notice] 1#1: worker process 35 exited with code 0
2022/04/25 03:28:48 [notice] 1#1: signal 29 (SIGIO) received
2022/04/25 03:28:48 [notice] 1#1: signal 17 (SIGCHLD) received from 35
2022/04/25 03:28:48 [notice] 1#1: signal 17 (SIGCHLD) received from 31
2022/04/25 03:28:48 [notice] 1#1: worker process 31 exited with code 0
2022/04/25 03:28:48 [notice] 1#1: signal 29 (SIGIO) received
2022/04/25 03:28:49 [notice] 1#1: signal 17 (SIGCHLD) received from 37
2022/04/25 03:28:49 [notice] 1#1: worker process 37 exited with code 0
2022/04/25 03:28:49 [notice] 1#1: exit
2022/04/25 03:38:53 [notice] 1#1: using the "epoll" event method
2022/04/25 03:38:53 [notice] 1#1: nginx/1.21.6
2022/04/25 03:38:53 [notice] 1#1: built by gcc 10.2.1 20210110 (Debian 10.2.1-6) 
2022/04/25 03:38:53 [notice] 1#1: OS: Linux 5.13.0-40-generic
2022/04/25 03:38:53 [notice] 1#1: getrlimit(RLIMIT_NOFILE): 1048576:1048576
2022/04/25 03:38:53 [notice] 1#1: start worker processes
2022/04/25 03:38:53 [notice] 1#1: start worker process 30
2022/04/25 03:38:53 [notice] 1#1: start worker process 31
2022/04/25 03:38:53 [notice] 1#1: start worker process 32
2022/04/25 03:38:53 [notice] 1#1: start worker process 33
2022/04/25 03:38:53 [notice] 1#1: start worker process 34
2022/04/25 03:38:53 [notice] 1#1: start worker process 35
2022/04/25 03:38:53 [notice] 1#1: start worker process 36
2022/04/25 03:38:53 [notice] 1#1: start worker process 37
2022/04/25 03:40:19 [notice] 1#1: signal 3 (SIGQUIT) received, shutting down
2022/04/25 03:40:19 [notice] 31#31: gracefully shutting down
2022/04/25 03:40:19 [notice] 30#30: gracefully shutting down
2022/04/25 03:40:19 [notice] 33#33: gracefully shutting down
2022/04/25 03:40:19 [notice] 31#31: exiting
2022/04/25 03:40:19 [notice] 36#36: gracefully shutting down
2022/04/25 03:40:19 [notice] 35#35: gracefully shutting down
2022/04/25 03:40:19 [notice] 37#37: gracefully shutting down
2022/04/25 03:40:19 [notice] 33#33: exiting
2022/04/25 03:40:19 [notice] 36#36: exiting
2022/04/25 03:40:19 [notice] 35#35: exiting
2022/04/25 03:40:19 [notice] 37#37: exiting
2022/04/25 03:40:19 [notice] 31#31: exit
2022/04/25 03:40:19 [notice] 32#32: gracefully shutting down
2022/04/25 03:40:19 [notice] 33#33: exit
2022/04/25 03:40:19 [notice] 36#36: exit
2022/04/25 03:40:19 [notice] 35#35: exit
2022/04/25 03:40:19 [notice] 37#37: exit
2022/04/25 03:40:19 [notice] 32#32: exiting
2022/04/25 03:40:19 [notice] 32#32: exit
2022/04/25 03:40:19 [notice] 34#34: gracefully shutting down
2022/04/25 03:40:19 [notice] 34#34: exiting
2022/04/25 03:40:19 [notice] 34#34: exit
2022/04/25 03:40:19 [notice] 1#1: signal 17 (SIGCHLD) received from 31
2022/04/25 03:40:19 [notice] 1#1: worker process 31 exited with code 0
2022/04/25 03:40:19 [notice] 1#1: worker process 32 exited with code 0
2022/04/25 03:40:19 [notice] 1#1: signal 29 (SIGIO) received
2022/04/25 03:40:19 [notice] 1#1: signal 17 (SIGCHLD) received from 32
2022/04/25 03:40:19 [notice] 1#1: signal 17 (SIGCHLD) received from 37
2022/04/25 03:40:19 [notice] 1#1: worker process 34 exited with code 0
2022/04/25 03:40:19 [notice] 1#1: worker process 36 exited with code 0
2022/04/25 03:40:19 [notice] 1#1: worker process 37 exited with code 0
2022/04/25 03:40:19 [notice] 1#1: signal 29 (SIGIO) received
2022/04/25 03:40:19 [notice] 1#1: signal 17 (SIGCHLD) received from 35
2022/04/25 03:40:19 [notice] 1#1: worker process 33 exited with code 0
2022/04/25 03:40:19 [notice] 1#1: worker process 35 exited with code 0
2022/04/25 03:40:19 [notice] 1#1: signal 29 (SIGIO) received
2022/04/25 03:40:23 [notice] 30#30: exiting
2022/04/25 03:40:23 [notice] 30#30: exit
2022/04/25 03:40:23 [notice] 1#1: signal 17 (SIGCHLD) received from 30
2022/04/25 03:40:23 [notice] 1#1: worker process 30 exited with code 0
2022/04/25 03:40:23 [notice] 1#1: exit
2022/04/25 03:41:26 [notice] 1#1: using the "epoll" event method
2022/04/25 03:41:26 [notice] 1#1: nginx/1.21.6
2022/04/25 03:41:26 [notice] 1#1: built by gcc 10.2.1 20210110 (Debian 10.2.1-6) 
2022/04/25 03:41:26 [notice] 1#1: OS: Linux 5.13.0-40-generic
2022/04/25 03:41:26 [notice] 1#1: getrlimit(RLIMIT_NOFILE): 1048576:1048576
2022/04/25 03:41:26 [notice] 1#1: start worker processes
2022/04/25 03:41:26 [notice] 1#1: start worker process 30
2022/04/25 03:41:26 [notice] 1#1: start worker process 31
2022/04/25 03:41:26 [notice] 1#1: start worker process 32
2022/04/25 03:41:26 [notice] 1#1: start worker process 33
2022/04/25 03:41:26 [notice] 1#1: start worker process 34
2022/04/25 03:41:26 [notice] 1#1: start worker process 35
2022/04/25 03:41:26 [notice] 1#1: start worker process 36
2022/04/25 03:41:26 [notice] 1#1: start worker process 37
2022/04/25 04:45:08 [notice] 1#1: signal 3 (SIGQUIT) received, shutting down
2022/04/25 04:45:08 [notice] 30#30: gracefully shutting down
2022/04/25 04:45:08 [notice] 32#32: gracefully shutting down
2022/04/25 04:45:08 [notice] 34#34: gracefully shutting down
2022/04/25 04:45:08 [notice] 32#32: exiting
2022/04/25 04:45:08 [notice] 35#35: gracefully shutting down
2022/04/25 04:45:08 [notice] 37#37: gracefully shutting down
2022/04/25 04:45:08 [notice] 36#36: gracefully shutting down
2022/04/25 04:45:08 [notice] 34#34: exiting
2022/04/25 04:45:08 [notice] 35#35: exiting
2022/04/25 04:45:08 [notice] 37#37: exiting
2022/04/25 04:45:08 [notice] 36#36: exiting
2022/04/25 04:45:08 [notice] 33#33: gracefully shutting down
2022/04/25 04:45:08 [notice] 32#32: exit
2022/04/25 04:45:08 [notice] 33#33: exiting
2022/04/25 04:45:08 [notice] 35#35: exit
2022/04/25 04:45:08 [notice] 34#34: exit
2022/04/25 04:45:08 [notice] 36#36: exit
2022/04/25 04:45:08 [notice] 37#37: exit
2022/04/25 04:45:08 [notice] 33#33: exit
2022/04/25 04:45:08 [notice] 31#31: gracefully shutting down
2022/04/25 04:45:08 [notice] 31#31: exiting
2022/04/25 04:45:08 [notice] 31#31: exit
2022/04/25 04:45:08 [notice] 1#1: signal 17 (SIGCHLD) received from 32
2022/04/25 04:45:08 [notice] 1#1: worker process 32 exited with code 0
2022/04/25 04:45:08 [notice] 1#1: signal 29 (SIGIO) received
2022/04/25 04:45:08 [notice] 1#1: signal 17 (SIGCHLD) received from 37
2022/04/25 04:45:08 [notice] 1#1: worker process 37 exited with code 0
2022/04/25 04:45:08 [notice] 1#1: signal 29 (SIGIO) received
2022/04/25 04:45:08 [notice] 1#1: signal 17 (SIGCHLD) received from 34
2022/04/25 04:45:08 [notice] 1#1: worker process 34 exited with code 0
2022/04/25 04:45:08 [notice] 1#1: signal 29 (SIGIO) received
2022/04/25 04:45:08 [notice] 1#1: signal 17 (SIGCHLD) received from 33
2022/04/25 04:45:08 [notice] 1#1: worker process 33 exited with code 0
2022/04/25 04:45:08 [notice] 1#1: signal 29 (SIGIO) received
2022/04/25 04:45:08 [notice] 1#1: signal 17 (SIGCHLD) received from 35
2022/04/25 04:45:08 [notice] 1#1: worker process 31 exited with code 0
2022/04/25 04:45:08 [notice] 1#1: worker process 35 exited with code 0
2022/04/25 04:45:08 [notice] 1#1: signal 29 (SIGIO) received
2022/04/25 04:45:08 [notice] 1#1: signal 17 (SIGCHLD) received from 36
2022/04/25 04:45:08 [notice] 1#1: worker process 36 exited with code 0
2022/04/25 04:45:08 [notice] 1#1: signal 29 (SIGIO) received
2022/04/25 04:45:12 [notice] 30#30: exiting
2022/04/25 04:45:12 [notice] 30#30: exit
2022/04/25 04:45:12 [notice] 1#1: signal 17 (SIGCHLD) received from 30
2022/04/25 04:45:12 [notice] 1#1: worker process 30 exited with code 0
2022/04/25 04:45:12 [notice] 1#1: exit
2022/04/25 04:45:20 [notice] 1#1: using the "epoll" event method
2022/04/25 04:45:20 [notice] 1#1: nginx/1.21.6
2022/04/25 04:45:20 [notice] 1#1: built by gcc 10.2.1 20210110 (Debian 10.2.1-6) 
2022/04/25 04:45:20 [notice] 1#1: OS: Linux 5.13.0-40-generic
2022/04/25 04:45:20 [notice] 1#1: getrlimit(RLIMIT_NOFILE): 1048576:1048576
2022/04/25 04:45:20 [notice] 1#1: start worker processes
2022/04/25 04:45:20 [notice] 1#1: start worker process 30
2022/04/25 04:45:20 [notice] 1#1: start worker process 31
2022/04/25 04:45:20 [notice] 1#1: start worker process 32
2022/04/25 04:45:20 [notice] 1#1: start worker process 33
2022/04/25 04:45:20 [notice] 1#1: start worker process 34
2022/04/25 04:45:20 [notice] 1#1: start worker process 35
2022/04/25 04:45:20 [notice] 1#1: start worker process 36
2022/04/25 04:45:20 [notice] 1#1: start worker process 37
2022/04/25 04:46:16 [notice] 1#1: signal 3 (SIGQUIT) received, shutting down
2022/04/25 04:46:16 [notice] 30#30: gracefully shutting down
2022/04/25 04:46:16 [notice] 32#32: gracefully shutting down
2022/04/25 04:46:16 [notice] 32#32: exiting
2022/04/25 04:46:16 [notice] 32#32: exit
2022/04/25 04:46:16 [notice] 33#33: gracefully shutting down
2022/04/25 04:46:16 [notice] 35#35: gracefully shutting down
2022/04/25 04:46:16 [notice] 33#33: exiting
2022/04/25 04:46:16 [notice] 35#35: exiting
2022/04/25 04:46:16 [notice] 33#33: exit
2022/04/25 04:46:16 [notice] 35#35: exit
2022/04/25 04:46:16 [notice] 34#34: gracefully shutting down
2022/04/25 04:46:16 [notice] 34#34: exiting
2022/04/25 04:46:16 [notice] 34#34: exit
2022/04/25 04:46:16 [notice] 31#31: gracefully shutting down
2022/04/25 04:46:16 [notice] 31#31: exiting
2022/04/25 04:46:16 [notice] 31#31: exit
2022/04/25 04:46:16 [notice] 37#37: gracefully shutting down
2022/04/25 04:46:16 [notice] 37#37: exiting
2022/04/25 04:46:16 [notice] 36#36: gracefully shutting down
2022/04/25 04:46:16 [notice] 36#36: exiting
2022/04/25 04:46:16 [notice] 37#37: exit
2022/04/25 04:46:16 [notice] 36#36: exit
2022/04/25 04:46:16 [notice] 1#1: signal 17 (SIGCHLD) received from 31
2022/04/25 04:46:16 [notice] 1#1: worker process 31 exited with code 0
2022/04/25 04:46:16 [notice] 1#1: worker process 32 exited with code 0
2022/04/25 04:46:16 [notice] 1#1: signal 29 (SIGIO) received
2022/04/25 04:46:16 [notice] 1#1: signal 17 (SIGCHLD) received from 32
2022/04/25 04:46:16 [notice] 1#1: signal 17 (SIGCHLD) received from 35
2022/04/25 04:46:16 [notice] 1#1: worker process 33 exited with code 0
2022/04/25 04:46:16 [notice] 1#1: worker process 35 exited with code 0
2022/04/25 04:46:16 [notice] 1#1: worker process 37 exited with code 0
2022/04/25 04:46:16 [notice] 1#1: signal 29 (SIGIO) received
2022/04/25 04:46:16 [notice] 1#1: signal 17 (SIGCHLD) received from 37
2022/04/25 04:46:16 [notice] 1#1: signal 17 (SIGCHLD) received from 34
2022/04/25 04:46:16 [notice] 1#1: worker process 34 exited with code 0
2022/04/25 04:46:16 [notice] 1#1: signal 29 (SIGIO) received
2022/04/25 04:46:16 [notice] 1#1: signal 17 (SIGCHLD) received from 36
2022/04/25 04:46:16 [notice] 1#1: worker process 36 exited with code 0
2022/04/25 04:46:16 [notice] 1#1: signal 29 (SIGIO) received
2022/04/25 04:46:18 [notice] 30#30: exiting
2022/04/25 04:46:18 [notice] 30#30: exit
2022/04/25 04:46:18 [notice] 1#1: signal 17 (SIGCHLD) received from 30
2022/04/25 04:46:18 [notice] 1#1: worker process 30 exited with code 0
2022/04/25 04:46:18 [notice] 1#1: exit
2022/04/25 04:46:40 [notice] 1#1: using the "epoll" event method
2022/04/25 04:46:40 [notice] 1#1: nginx/1.21.6
2022/04/25 04:46:40 [notice] 1#1: built by gcc 10.2.1 20210110 (Debian 10.2.1-6) 
2022/04/25 04:46:40 [notice] 1#1: OS: Linux 5.13.0-40-generic
2022/04/25 04:46:40 [notice] 1#1: getrlimit(RLIMIT_NOFILE): 1048576:1048576
2022/04/25 04:46:40 [notice] 1#1: start worker processes
2022/04/25 04:46:40 [notice] 1#1: start worker process 30
2022/04/25 04:46:40 [notice] 1#1: start worker process 31
2022/04/25 04:46:40 [notice] 1#1: start worker process 32
2022/04/25 04:46:40 [notice] 1#1: start worker process 33
2022/04/25 04:46:40 [notice] 1#1: start worker process 34
2022/04/25 04:46:40 [notice] 1#1: start worker process 35
2022/04/25 04:46:40 [notice] 1#1: start worker process 36
2022/04/25 04:46:40 [notice] 1#1: start worker process 37
2022/04/25 04:46:48 [notice] 1#1: signal 3 (SIGQUIT) received, shutting down
2022/04/25 04:46:48 [notice] 31#31: gracefully shutting down
2022/04/25 04:46:48 [notice] 32#32: gracefully shutting down
2022/04/25 04:46:48 [notice] 33#33: gracefully shutting down
2022/04/25 04:46:48 [notice] 34#34: gracefully shutting down
2022/04/25 04:46:48 [notice] 30#30: gracefully shutting down
2022/04/25 04:46:48 [notice] 32#32: exiting
2022/04/25 04:46:48 [notice] 33#33: exiting
2022/04/25 04:46:48 [notice] 34#34: exiting
2022/04/25 04:46:48 [notice] 31#31: exiting
2022/04/25 04:46:48 [notice] 33#33: exit
2022/04/25 04:46:48 [notice] 34#34: exit
2022/04/25 04:46:48 [notice] 32#32: exit
2022/04/25 04:46:48 [notice] 31#31: exit
2022/04/25 04:46:48 [notice] 35#35: gracefully shutting down
2022/04/25 04:46:48 [notice] 35#35: exiting
2022/04/25 04:46:48 [notice] 36#36: gracefully shutting down
2022/04/25 04:46:48 [notice] 35#35: exit
2022/04/25 04:46:48 [notice] 36#36: exiting
2022/04/25 04:46:48 [notice] 36#36: exit
2022/04/25 04:46:48 [notice] 37#37: gracefully shutting down
2022/04/25 04:46:48 [notice] 37#37: exiting
2022/04/25 04:46:48 [notice] 37#37: exit
2022/04/25 04:46:48 [notice] 1#1: signal 17 (SIGCHLD) received from 32
2022/04/25 04:46:48 [notice] 1#1: worker process 32 exited with code 0
2022/04/25 04:46:48 [notice] 1#1: signal 29 (SIGIO) received
2022/04/25 04:46:48 [notice] 1#1: signal 17 (SIGCHLD) received from 35
2022/04/25 04:46:48 [notice] 1#1: worker process 35 exited with code 0
2022/04/25 04:46:48 [notice] 1#1: signal 29 (SIGIO) received
2022/04/25 04:46:48 [notice] 1#1: signal 17 (SIGCHLD) received from 31
2022/04/25 04:46:48 [notice] 1#1: worker process 31 exited with code 0
2022/04/25 04:46:48 [notice] 1#1: signal 29 (SIGIO) received
2022/04/25 04:46:48 [notice] 1#1: signal 17 (SIGCHLD) received from 34
2022/04/25 04:46:48 [notice] 1#1: worker process 34 exited with code 0
2022/04/25 04:46:48 [notice] 1#1: signal 29 (SIGIO) received
2022/04/25 04:46:48 [notice] 1#1: signal 17 (SIGCHLD) received from 36
2022/04/25 04:46:48 [notice] 1#1: worker process 36 exited with code 0
2022/04/25 04:46:48 [notice] 1#1: signal 29 (SIGIO) received
2022/04/25 04:46:48 [notice] 1#1: signal 17 (SIGCHLD) received from 37
2022/04/25 04:46:48 [notice] 1#1: worker process 33 exited with code 0
2022/04/25 04:46:48 [notice] 1#1: worker process 37 exited with code 0
2022/04/25 04:46:48 [notice] 1#1: signal 29 (SIGIO) received
2022/04/25 04:46:48 [notice] 1#1: signal 17 (SIGCHLD) received from 33
2022/04/25 04:46:50 [notice] 30#30: exiting
2022/04/25 04:46:50 [notice] 30#30: exit
2022/04/25 04:46:50 [notice] 1#1: signal 17 (SIGCHLD) received from 30
2022/04/25 04:46:50 [notice] 1#1: worker process 30 exited with code 0
2022/04/25 04:46:50 [notice] 1#1: exit
2022/04/25 06:11:52 [notice] 1#1: using the "epoll" event method
2022/04/25 06:11:52 [notice] 1#1: nginx/1.21.6
2022/04/25 06:11:52 [notice] 1#1: built by gcc 10.2.1 20210110 (Debian 10.2.1-6) 
2022/04/25 06:11:52 [notice] 1#1: OS: Linux 5.13.0-40-generic
2022/04/25 06:11:52 [notice] 1#1: getrlimit(RLIMIT_NOFILE): 1048576:1048576
2022/04/25 06:11:52 [notice] 1#1: start worker processes
2022/04/25 06:11:52 [notice] 1#1: start worker process 31
2022/04/25 06:11:52 [notice] 1#1: start worker process 32
2022/04/25 06:11:52 [notice] 1#1: start worker process 33
2022/04/25 06:11:52 [notice] 1#1: start worker process 34
2022/04/25 06:11:52 [notice] 1#1: start worker process 35
2022/04/25 06:11:52 [notice] 1#1: start worker process 36
2022/04/25 06:11:52 [notice] 1#1: start worker process 37
2022/04/25 06:11:52 [notice] 1#1: start worker process 38
2022/04/25 10:13:42 [notice] 1#1: signal 3 (SIGQUIT) received, shutting down
2022/04/25 10:13:42 [notice] 31#31: gracefully shutting down
2022/04/25 10:13:42 [notice] 33#33: gracefully shutting down
2022/04/25 10:13:42 [notice] 35#35: gracefully shutting down
2022/04/25 10:13:42 [notice] 31#31: exiting
2022/04/25 10:13:42 [notice] 33#33: exiting
2022/04/25 10:13:42 [notice] 37#37: gracefully shutting down
2022/04/25 10:13:42 [notice] 38#38: gracefully shutting down
2022/04/25 10:13:42 [notice] 32#32: gracefully shutting down
2022/04/25 10:13:42 [notice] 35#35: exiting
2022/04/25 10:13:42 [notice] 37#37: exiting
2022/04/25 10:13:42 [notice] 38#38: exiting
2022/04/25 10:13:42 [notice] 32#32: exiting
2022/04/25 10:13:42 [notice] 31#31: exit
2022/04/25 10:13:42 [notice] 33#33: exit
2022/04/25 10:13:42 [notice] 35#35: exit
2022/04/25 10:13:42 [notice] 37#37: exit
2022/04/25 10:13:42 [notice] 38#38: exit
2022/04/25 10:13:42 [notice] 32#32: exit
2022/04/25 10:13:42 [notice] 34#34: gracefully shutting down
2022/04/25 10:13:42 [notice] 34#34: exiting
2022/04/25 10:13:42 [notice] 34#34: exit
2022/04/25 10:13:42 [notice] 36#36: gracefully shutting down
2022/04/25 10:13:42 [notice] 36#36: exiting
2022/04/25 10:13:42 [notice] 36#36: exit
2022/04/25 10:13:42 [notice] 1#1: signal 17 (SIGCHLD) received from 35
2022/04/25 10:13:42 [notice] 1#1: worker process 35 exited with code 0
2022/04/25 10:13:42 [notice] 1#1: signal 29 (SIGIO) received
2022/04/25 10:13:42 [notice] 1#1: signal 17 (SIGCHLD) received from 37
2022/04/25 10:13:42 [notice] 1#1: worker process 32 exited with code 0
2022/04/25 10:13:42 [notice] 1#1: worker process 37 exited with code 0
2022/04/25 10:13:42 [notice] 1#1: signal 29 (SIGIO) received
2022/04/25 10:13:42 [notice] 1#1: signal 17 (SIGCHLD) received from 31
2022/04/25 10:13:42 [notice] 1#1: worker process 31 exited with code 0
2022/04/25 10:13:42 [notice] 1#1: worker process 33 exited with code 0
2022/04/25 10:13:42 [notice] 1#1: worker process 34 exited with code 0
2022/04/25 10:13:42 [notice] 1#1: signal 29 (SIGIO) received
2022/04/25 10:13:42 [notice] 1#1: signal 17 (SIGCHLD) received from 38
2022/04/25 10:13:42 [notice] 1#1: worker process 38 exited with code 0
2022/04/25 10:13:42 [notice] 1#1: signal 29 (SIGIO) received
2022/04/25 10:13:42 [notice] 1#1: signal 17 (SIGCHLD) received from 36
2022/04/25 10:13:42 [notice] 1#1: worker process 36 exited with code 0
2022/04/25 10:13:42 [notice] 1#1: exit
2022/04/25 12:19:59 [notice] 1#1: using the "epoll" event method
2022/04/25 12:19:59 [notice] 1#1: nginx/1.21.6
2022/04/25 12:19:59 [notice] 1#1: built by gcc 10.2.1 20210110 (Debian 10.2.1-6) 
2022/04/25 12:19:59 [notice] 1#1: OS: Linux 5.13.0-40-generic
2022/04/25 12:19:59 [notice] 1#1: getrlimit(RLIMIT_NOFILE): 1048576:1048576
2022/04/25 12:19:59 [notice] 1#1: start worker processes
2022/04/25 12:19:59 [notice] 1#1: start worker process 30
2022/04/25 12:19:59 [notice] 1#1: start worker process 31
2022/04/25 12:19:59 [notice] 1#1: start worker process 32
2022/04/25 12:19:59 [notice] 1#1: start worker process 33
2022/04/25 12:19:59 [notice] 1#1: start worker process 34
2022/04/25 12:19:59 [notice] 1#1: start worker process 35
2022/04/25 12:19:59 [notice] 1#1: start worker process 36
2022/04/25 12:19:59 [notice] 1#1: start worker process 37
2022/04/25 18:41:54 [notice] 1#1: signal 3 (SIGQUIT) received, shutting down
2022/04/25 18:41:54 [notice] 30#30: gracefully shutting down
2022/04/25 18:41:54 [notice] 31#31: gracefully shutting down
2022/04/25 18:41:54 [notice] 33#33: gracefully shutting down
2022/04/25 18:41:54 [notice] 30#30: exiting
2022/04/25 18:41:54 [notice] 31#31: exiting
2022/04/25 18:41:54 [notice] 36#36: gracefully shutting down
2022/04/25 18:41:54 [notice] 33#33: exiting
2022/04/25 18:41:54 [notice] 36#36: exiting
2022/04/25 18:41:54 [notice] 31#31: exit
2022/04/25 18:41:54 [notice] 30#30: exit
2022/04/25 18:41:54 [notice] 33#33: exit
2022/04/25 18:41:54 [notice] 36#36: exit
2022/04/25 18:41:54 [notice] 37#37: gracefully shutting down
2022/04/25 18:41:54 [notice] 37#37: exiting
2022/04/25 18:41:54 [notice] 37#37: exit
2022/04/25 18:41:54 [notice] 35#35: gracefully shutting down
2022/04/25 18:41:54 [notice] 35#35: exiting
2022/04/25 18:41:54 [notice] 35#35: exit
2022/04/25 18:41:54 [notice] 32#32: gracefully shutting down
2022/04/25 18:41:54 [notice] 32#32: exiting
2022/04/25 18:41:54 [notice] 32#32: exit
2022/04/25 18:41:54 [notice] 34#34: gracefully shutting down
2022/04/25 18:41:54 [notice] 34#34: exiting
2022/04/25 18:41:54 [notice] 34#34: exit
2022/04/25 18:41:54 [notice] 1#1: signal 17 (SIGCHLD) received from 31
2022/04/25 18:41:54 [notice] 1#1: worker process 30 exited with code 0
2022/04/25 18:41:54 [notice] 1#1: worker process 31 exited with code 0
2022/04/25 18:41:54 [notice] 1#1: signal 29 (SIGIO) received
2022/04/25 18:41:54 [notice] 1#1: signal 17 (SIGCHLD) received from 30
2022/04/25 18:41:54 [notice] 1#1: signal 17 (SIGCHLD) received from 36
2022/04/25 18:41:54 [notice] 1#1: worker process 36 exited with code 0
2022/04/25 18:41:54 [notice] 1#1: signal 29 (SIGIO) received
2022/04/25 18:41:54 [notice] 1#1: signal 17 (SIGCHLD) received from 35
2022/04/25 18:41:54 [notice] 1#1: worker process 32 exited with code 0
2022/04/25 18:41:54 [notice] 1#1: worker process 34 exited with code 0
2022/04/25 18:41:54 [notice] 1#1: worker process 35 exited with code 0
2022/04/25 18:41:54 [notice] 1#1: worker process 37 exited with code 0
2022/04/25 18:41:54 [notice] 1#1: signal 29 (SIGIO) received
2022/04/25 18:41:54 [notice] 1#1: signal 17 (SIGCHLD) received from 32
2022/04/25 18:41:54 [notice] 1#1: signal 17 (SIGCHLD) received from 33
2022/04/25 18:41:54 [notice] 1#1: worker process 33 exited with code 0
2022/04/25 18:41:54 [notice] 1#1: exit
2022/04/26 01:08:54 [notice] 1#1: using the "epoll" event method
2022/04/26 01:08:54 [notice] 1#1: nginx/1.21.6
2022/04/26 01:08:54 [notice] 1#1: built by gcc 10.2.1 20210110 (Debian 10.2.1-6) 
2022/04/26 01:08:54 [notice] 1#1: OS: Linux 5.13.0-40-generic
2022/04/26 01:08:54 [notice] 1#1: getrlimit(RLIMIT_NOFILE): 1048576:1048576
2022/04/26 01:08:54 [notice] 1#1: start worker processes
2022/04/26 01:08:54 [notice] 1#1: start worker process 31
2022/04/26 01:08:54 [notice] 1#1: start worker process 32
2022/04/26 01:08:54 [notice] 1#1: start worker process 33
2022/04/26 01:08:54 [notice] 1#1: start worker process 34
2022/04/26 01:08:54 [notice] 1#1: start worker process 35
2022/04/26 01:08:54 [notice] 1#1: start worker process 36
2022/04/26 01:08:54 [notice] 1#1: start worker process 37
2022/04/26 01:08:54 [notice] 1#1: start worker process 38
2022/04/26 03:47:05 [notice] 1#1: signal 3 (SIGQUIT) received, shutting down
2022/04/26 03:47:05 [notice] 31#31: gracefully shutting down
2022/04/26 03:47:05 [notice] 32#32: gracefully shutting down
2022/04/26 03:47:05 [notice] 33#33: gracefully shutting down
2022/04/26 03:47:05 [notice] 35#35: gracefully shutting down
2022/04/26 03:47:05 [notice] 31#31: exiting
2022/04/26 03:47:05 [notice] 32#32: exiting
2022/04/26 03:47:05 [notice] 37#37: gracefully shutting down
2022/04/26 03:47:05 [notice] 33#33: exiting
2022/04/26 03:47:05 [notice] 35#35: exiting
2022/04/26 03:47:05 [notice] 37#37: exiting
2022/04/26 03:47:05 [notice] 32#32: exit
2022/04/26 03:47:05 [notice] 31#31: exit
2022/04/26 03:47:05 [notice] 33#33: exit
2022/04/26 03:47:05 [notice] 37#37: exit
2022/04/26 03:47:05 [notice] 35#35: exit
2022/04/26 03:47:05 [notice] 36#36: gracefully shutting down
2022/04/26 03:47:05 [notice] 36#36: exiting
2022/04/26 03:47:05 [notice] 38#38: gracefully shutting down
2022/04/26 03:47:05 [notice] 38#38: exiting
2022/04/26 03:47:05 [notice] 36#36: exit
2022/04/26 03:47:05 [notice] 34#34: gracefully shutting down
2022/04/26 03:47:05 [notice] 38#38: exit
2022/04/26 03:47:05 [notice] 34#34: exiting
2022/04/26 03:47:05 [notice] 34#34: exit
2022/04/26 03:47:05 [notice] 1#1: signal 17 (SIGCHLD) received from 31
2022/04/26 03:47:05 [notice] 1#1: worker process 31 exited with code 0
2022/04/26 03:47:05 [notice] 1#1: signal 29 (SIGIO) received
2022/04/26 03:47:05 [notice] 1#1: signal 17 (SIGCHLD) received from 38
2022/04/26 03:47:05 [notice] 1#1: worker process 33 exited with code 0
2022/04/26 03:47:05 [notice] 1#1: worker process 38 exited with code 0
2022/04/26 03:47:05 [notice] 1#1: signal 29 (SIGIO) received
2022/04/26 03:47:05 [notice] 1#1: signal 17 (SIGCHLD) received from 36
2022/04/26 03:47:05 [notice] 1#1: worker process 36 exited with code 0
2022/04/26 03:47:05 [notice] 1#1: signal 29 (SIGIO) received
2022/04/26 03:47:05 [notice] 1#1: signal 17 (SIGCHLD) received from 34
2022/04/26 03:47:05 [notice] 1#1: worker process 34 exited with code 0
2022/04/26 03:47:05 [notice] 1#1: signal 29 (SIGIO) received
2022/04/26 03:47:05 [notice] 1#1: signal 17 (SIGCHLD) received from 37
2022/04/26 03:47:05 [notice] 1#1: worker process 37 exited with code 0
2022/04/26 03:47:05 [notice] 1#1: signal 29 (SIGIO) received
2022/04/26 03:47:05 [notice] 1#1: signal 17 (SIGCHLD) received from 35
2022/04/26 03:47:05 [notice] 1#1: worker process 35 exited with code 0
2022/04/26 03:47:05 [notice] 1#1: signal 29 (SIGIO) received
2022/04/26 03:47:05 [notice] 1#1: signal 17 (SIGCHLD) received from 32
2022/04/26 03:47:05 [notice] 1#1: worker process 32 exited with code 0
2022/04/26 03:47:05 [notice] 1#1: exit
2022/04/26 04:15:08 [notice] 1#1: using the "epoll" event method
2022/04/26 04:15:08 [notice] 1#1: nginx/1.21.6
2022/04/26 04:15:08 [notice] 1#1: built by gcc 10.2.1 20210110 (Debian 10.2.1-6) 
2022/04/26 04:15:08 [notice] 1#1: OS: Linux 5.13.0-40-generic
2022/04/26 04:15:08 [notice] 1#1: getrlimit(RLIMIT_NOFILE): 1048576:1048576
2022/04/26 04:15:08 [notice] 1#1: start worker processes
2022/04/26 04:15:08 [notice] 1#1: start worker process 30
2022/04/26 04:15:08 [notice] 1#1: start worker process 31
2022/04/26 04:15:08 [notice] 1#1: start worker process 32
2022/04/26 04:15:08 [notice] 1#1: start worker process 33
2022/04/26 04:15:08 [notice] 1#1: start worker process 34
2022/04/26 04:15:08 [notice] 1#1: start worker process 35
2022/04/26 04:15:08 [notice] 1#1: start worker process 36
2022/04/26 04:15:08 [notice] 1#1: start worker process 37
2022/04/26 04:51:14 [notice] 1#1: signal 3 (SIGQUIT) received, shutting down
2022/04/26 04:51:14 [notice] 31#31: gracefully shutting down
2022/04/26 04:51:14 [notice] 32#32: gracefully shutting down
2022/04/26 04:51:14 [notice] 31#31: exiting
2022/04/26 04:51:14 [notice] 32#32: exiting
2022/04/26 04:51:14 [notice] 31#31: exit
2022/04/26 04:51:14 [notice] 32#32: exit
2022/04/26 04:51:14 [notice] 33#33: gracefully shutting down
2022/04/26 04:51:14 [notice] 35#35: gracefully shutting down
2022/04/26 04:51:14 [notice] 34#34: gracefully shutting down
2022/04/26 04:51:14 [notice] 36#36: gracefully shutting down
2022/04/26 04:51:14 [notice] 33#33: exiting
2022/04/26 04:51:14 [notice] 35#35: exiting
2022/04/26 04:51:14 [notice] 34#34: exiting
2022/04/26 04:51:14 [notice] 36#36: exiting
2022/04/26 04:51:14 [notice] 34#34: exit
2022/04/26 04:51:14 [notice] 35#35: exit
2022/04/26 04:51:14 [notice] 33#33: exit
2022/04/26 04:51:14 [notice] 36#36: exit
2022/04/26 04:51:14 [notice] 30#30: gracefully shutting down
2022/04/26 04:51:14 [notice] 37#37: gracefully shutting down
2022/04/26 04:51:14 [notice] 30#30: exiting
2022/04/26 04:51:14 [notice] 37#37: exiting
2022/04/26 04:51:14 [notice] 30#30: exit
2022/04/26 04:51:14 [notice] 37#37: exit
2022/04/26 04:51:14 [notice] 1#1: signal 17 (SIGCHLD) received from 35
2022/04/26 04:51:14 [notice] 1#1: worker process 35 exited with code 0
2022/04/26 04:51:14 [notice] 1#1: worker process 37 exited with code 0
2022/04/26 04:51:14 [notice] 1#1: signal 29 (SIGIO) received
2022/04/26 04:51:14 [notice] 1#1: signal 17 (SIGCHLD) received from 37
2022/04/26 04:51:14 [notice] 1#1: signal 17 (SIGCHLD) received from 34
2022/04/26 04:51:14 [notice] 1#1: worker process 34 exited with code 0
2022/04/26 04:51:14 [notice] 1#1: signal 29 (SIGIO) received
2022/04/26 04:51:14 [notice] 1#1: signal 17 (SIGCHLD) received from 33
2022/04/26 04:51:14 [notice] 1#1: worker process 33 exited with code 0
2022/04/26 04:51:14 [notice] 1#1: signal 29 (SIGIO) received
2022/04/26 04:51:14 [notice] 1#1: signal 17 (SIGCHLD) received from 31
2022/04/26 04:51:14 [notice] 1#1: worker process 31 exited with code 0
2022/04/26 04:51:14 [notice] 1#1: signal 29 (SIGIO) received
2022/04/26 04:51:14 [notice] 1#1: signal 17 (SIGCHLD) received from 32
2022/04/26 04:51:14 [notice] 1#1: worker process 32 exited with code 0
2022/04/26 04:51:14 [notice] 1#1: worker process 30 exited with code 0
2022/04/26 04:51:14 [notice] 1#1: signal 17 (SIGCHLD) received from 30
2022/04/26 04:51:14 [notice] 1#1: worker process 36 exited with code 0
2022/04/26 04:51:14 [notice] 1#1: exit
2022/04/26 07:50:50 [notice] 1#1: using the "epoll" event method
2022/04/26 07:50:50 [notice] 1#1: nginx/1.21.6
2022/04/26 07:50:50 [notice] 1#1: built by gcc 10.2.1 20210110 (Debian 10.2.1-6) 
2022/04/26 07:50:50 [notice] 1#1: OS: Linux 5.13.0-40-generic
2022/04/26 07:50:50 [notice] 1#1: getrlimit(RLIMIT_NOFILE): 1048576:1048576
2022/04/26 07:50:50 [notice] 1#1: start worker processes
2022/04/26 07:50:50 [notice] 1#1: start worker process 30
2022/04/26 07:50:50 [notice] 1#1: start worker process 31
2022/04/26 07:50:50 [notice] 1#1: start worker process 32
2022/04/26 07:50:50 [notice] 1#1: start worker process 33
2022/04/26 07:50:50 [notice] 1#1: start worker process 34
2022/04/26 07:50:50 [notice] 1#1: start worker process 35
2022/04/26 07:50:50 [notice] 1#1: start worker process 36
2022/04/26 07:50:50 [notice] 1#1: start worker process 37
2022/04/26 08:08:26 [notice] 1#1: using the "epoll" event method
2022/04/26 08:08:26 [notice] 1#1: nginx/1.21.6
2022/04/26 08:08:26 [notice] 1#1: built by gcc 10.2.1 20210110 (Debian 10.2.1-6) 
2022/04/26 08:08:26 [notice] 1#1: OS: Linux 5.13.0-40-generic
2022/04/26 08:08:26 [notice] 1#1: getrlimit(RLIMIT_NOFILE): 1048576:1048576
2022/04/26 08:08:26 [notice] 1#1: start worker processes
2022/04/26 08:08:26 [notice] 1#1: start worker process 31
2022/04/26 08:08:26 [notice] 1#1: start worker process 32
2022/04/26 08:08:26 [notice] 1#1: start worker process 33
2022/04/26 08:08:26 [notice] 1#1: start worker process 34
2022/04/26 08:08:26 [notice] 1#1: start worker process 35
2022/04/26 08:08:26 [notice] 1#1: start worker process 36
2022/04/26 08:08:26 [notice] 1#1: start worker process 37
2022/04/26 08:08:26 [notice] 1#1: start worker process 38
2022/04/26 08:57:33 [notice] 1#1: signal 3 (SIGQUIT) received, shutting down
2022/04/26 08:57:33 [notice] 31#31: gracefully shutting down
2022/04/26 08:57:33 [notice] 32#32: gracefully shutting down
2022/04/26 08:57:33 [notice] 33#33: gracefully shutting down
2022/04/26 08:57:33 [notice] 34#34: gracefully shutting down
2022/04/26 08:57:33 [notice] 35#35: gracefully shutting down
2022/04/26 08:57:33 [notice] 31#31: exiting
2022/04/26 08:57:33 [notice] 36#36: gracefully shutting down
2022/04/26 08:57:33 [notice] 32#32: exiting
2022/04/26 08:57:33 [notice] 33#33: exiting
2022/04/26 08:57:33 [notice] 34#34: exiting
2022/04/26 08:57:33 [notice] 35#35: exiting
2022/04/26 08:57:33 [notice] 36#36: exiting
2022/04/26 08:57:33 [notice] 31#31: exit
2022/04/26 08:57:33 [notice] 33#33: exit
2022/04/26 08:57:33 [notice] 32#32: exit
2022/04/26 08:57:33 [notice] 36#36: exit
2022/04/26 08:57:33 [notice] 34#34: exit
2022/04/26 08:57:33 [notice] 35#35: exit
2022/04/26 08:57:33 [notice] 37#37: gracefully shutting down
2022/04/26 08:57:33 [notice] 37#37: exiting
2022/04/26 08:57:33 [notice] 37#37: exit
2022/04/26 08:57:33 [notice] 38#38: gracefully shutting down
2022/04/26 08:57:33 [notice] 38#38: exiting
2022/04/26 08:57:33 [notice] 38#38: exit
2022/04/26 08:57:33 [notice] 1#1: signal 17 (SIGCHLD) received from 33
2022/04/26 08:57:33 [notice] 1#1: worker process 33 exited with code 0
2022/04/26 08:57:33 [notice] 1#1: signal 29 (SIGIO) received
2022/04/26 08:57:33 [notice] 1#1: signal 17 (SIGCHLD) received from 35
2022/04/26 08:57:33 [notice] 1#1: worker process 31 exited with code 0
2022/04/26 08:57:33 [notice] 1#1: worker process 35 exited with code 0
2022/04/26 08:57:33 [notice] 1#1: signal 29 (SIGIO) received
2022/04/26 08:57:33 [notice] 1#1: signal 17 (SIGCHLD) received from 36
2022/04/26 08:57:33 [notice] 1#1: worker process 36 exited with code 0
2022/04/26 08:57:33 [notice] 1#1: worker process 37 exited with code 0
2022/04/26 08:57:33 [notice] 1#1: signal 29 (SIGIO) received
2022/04/26 08:57:33 [notice] 1#1: signal 17 (SIGCHLD) received from 34
2022/04/26 08:57:33 [notice] 1#1: worker process 34 exited with code 0
2022/04/26 08:57:33 [notice] 1#1: signal 29 (SIGIO) received
2022/04/26 08:57:33 [notice] 1#1: signal 17 (SIGCHLD) received from 38
2022/04/26 08:57:33 [notice] 1#1: worker process 38 exited with code 0
2022/04/26 08:57:33 [notice] 1#1: signal 29 (SIGIO) received
2022/04/26 08:57:33 [notice] 1#1: signal 17 (SIGCHLD) received from 32
2022/04/26 08:57:33 [notice] 1#1: worker process 32 exited with code 0
2022/04/26 08:57:33 [notice] 1#1: exit
2022/04/26 08:57:40 [notice] 1#1: using the "epoll" event method
2022/04/26 08:57:40 [notice] 1#1: nginx/1.21.6
2022/04/26 08:57:40 [notice] 1#1: built by gcc 10.2.1 20210110 (Debian 10.2.1-6) 
2022/04/26 08:57:40 [notice] 1#1: OS: Linux 5.13.0-40-generic
2022/04/26 08:57:40 [notice] 1#1: getrlimit(RLIMIT_NOFILE): 1048576:1048576
2022/04/26 08:57:40 [notice] 1#1: start worker processes
2022/04/26 08:57:40 [notice] 1#1: start worker process 30
2022/04/26 08:57:40 [notice] 1#1: start worker process 31
2022/04/26 08:57:40 [notice] 1#1: start worker process 32
2022/04/26 08:57:40 [notice] 1#1: start worker process 33
2022/04/26 08:57:40 [notice] 1#1: start worker process 34
2022/04/26 08:57:40 [notice] 1#1: start worker process 35
2022/04/26 08:57:40 [notice] 1#1: start worker process 36
2022/04/26 08:57:40 [notice] 1#1: start worker process 37
2022/04/26 11:35:26 [notice] 1#1: signal 3 (SIGQUIT) received, shutting down
2022/04/26 11:35:26 [notice] 30#30: gracefully shutting down
2022/04/26 11:35:26 [notice] 31#31: gracefully shutting down
2022/04/26 11:35:26 [notice] 32#32: gracefully shutting down
2022/04/26 11:35:26 [notice] 33#33: gracefully shutting down
2022/04/26 11:35:26 [notice] 35#35: gracefully shutting down
2022/04/26 11:35:26 [notice] 36#36: gracefully shutting down
2022/04/26 11:35:26 [notice] 34#34: gracefully shutting down
2022/04/26 11:35:26 [notice] 31#31: exiting
2022/04/26 11:35:26 [notice] 32#32: exiting
2022/04/26 11:35:26 [notice] 33#33: exiting
2022/04/26 11:35:26 [notice] 35#35: exiting
2022/04/26 11:35:26 [notice] 36#36: exiting
2022/04/26 11:35:26 [notice] 34#34: exiting
2022/04/26 11:35:26 [notice] 31#31: exit
2022/04/26 11:35:26 [notice] 32#32: exit
2022/04/26 11:35:26 [notice] 34#34: exit
2022/04/26 11:35:26 [notice] 36#36: exit
2022/04/26 11:35:26 [notice] 35#35: exit
2022/04/26 11:35:26 [notice] 33#33: exit
2022/04/26 11:35:26 [notice] 37#37: gracefully shutting down
2022/04/26 11:35:26 [notice] 37#37: exiting
2022/04/26 11:35:26 [notice] 37#37: exit
2022/04/26 11:35:26 [notice] 1#1: signal 17 (SIGCHLD) received from 37
2022/04/26 11:35:26 [notice] 1#1: worker process 35 exited with code 0
2022/04/26 11:35:26 [notice] 1#1: worker process 37 exited with code 0
2022/04/26 11:35:26 [notice] 1#1: signal 29 (SIGIO) received
2022/04/26 11:35:26 [notice] 1#1: signal 17 (SIGCHLD) received from 34
2022/04/26 11:35:26 [notice] 1#1: worker process 31 exited with code 0
2022/04/26 11:35:26 [notice] 1#1: worker process 34 exited with code 0
2022/04/26 11:35:26 [notice] 1#1: signal 29 (SIGIO) received
2022/04/26 11:35:26 [notice] 1#1: signal 17 (SIGCHLD) received from 31
2022/04/26 11:35:26 [notice] 1#1: signal 17 (SIGCHLD) received from 32
2022/04/26 11:35:26 [notice] 1#1: worker process 32 exited with code 0
2022/04/26 11:35:26 [notice] 1#1: signal 29 (SIGIO) received
2022/04/26 11:35:26 [notice] 1#1: signal 17 (SIGCHLD) received from 33
2022/04/26 11:35:26 [notice] 1#1: worker process 33 exited with code 0
2022/04/26 11:35:26 [notice] 1#1: worker process 36 exited with code 0
2022/04/26 11:35:26 [notice] 1#1: signal 29 (SIGIO) received
2022/04/26 11:35:28 [notice] 30#30: exiting
2022/04/26 11:35:28 [notice] 30#30: exit
2022/04/26 11:35:28 [notice] 1#1: signal 17 (SIGCHLD) received from 30
2022/04/26 11:35:28 [notice] 1#1: worker process 30 exited with code 0
2022/04/26 11:35:28 [notice] 1#1: exit
2022/04/26 11:36:45 [notice] 1#1: using the "epoll" event method
2022/04/26 11:36:45 [notice] 1#1: nginx/1.21.6
2022/04/26 11:36:45 [notice] 1#1: built by gcc 10.2.1 20210110 (Debian 10.2.1-6) 
2022/04/26 11:36:45 [notice] 1#1: OS: Linux 5.13.0-40-generic
2022/04/26 11:36:45 [notice] 1#1: getrlimit(RLIMIT_NOFILE): 1048576:1048576
2022/04/26 11:36:45 [notice] 1#1: start worker processes
2022/04/26 11:36:45 [notice] 1#1: start worker process 30
2022/04/26 11:36:45 [notice] 1#1: start worker process 31
2022/04/26 11:36:45 [notice] 1#1: start worker process 32
2022/04/26 11:36:45 [notice] 1#1: start worker process 33
2022/04/26 11:36:45 [notice] 1#1: start worker process 34
2022/04/26 11:36:45 [notice] 1#1: start worker process 35
2022/04/26 11:36:45 [notice] 1#1: start worker process 36
2022/04/26 11:36:45 [notice] 1#1: start worker process 37
2022/04/26 11:37:07 [notice] 1#1: signal 3 (SIGQUIT) received, shutting down
2022/04/26 11:37:07 [notice] 30#30: gracefully shutting down
2022/04/26 11:37:07 [notice] 31#31: gracefully shutting down
2022/04/26 11:37:07 [notice] 32#32: gracefully shutting down
2022/04/26 11:37:07 [notice] 33#33: gracefully shutting down
2022/04/26 11:37:07 [notice] 34#34: gracefully shutting down
2022/04/26 11:37:07 [notice] 35#35: gracefully shutting down
2022/04/26 11:37:07 [notice] 30#30: exiting
2022/04/26 11:37:07 [notice] 32#32: exiting
2022/04/26 11:37:07 [notice] 37#37: gracefully shutting down
2022/04/26 11:37:07 [notice] 33#33: exiting
2022/04/26 11:37:07 [notice] 34#34: exiting
2022/04/26 11:37:07 [notice] 36#36: gracefully shutting down
2022/04/26 11:37:07 [notice] 35#35: exiting
2022/04/26 11:37:07 [notice] 37#37: exiting
2022/04/26 11:37:07 [notice] 30#30: exit
2022/04/26 11:37:07 [notice] 36#36: exiting
2022/04/26 11:37:07 [notice] 32#32: exit
2022/04/26 11:37:07 [notice] 33#33: exit
2022/04/26 11:37:07 [notice] 34#34: exit
2022/04/26 11:37:07 [notice] 35#35: exit
2022/04/26 11:37:07 [notice] 37#37: exit
2022/04/26 11:37:07 [notice] 36#36: exit
2022/04/26 11:37:07 [notice] 1#1: signal 17 (SIGCHLD) received from 37
2022/04/26 11:37:07 [notice] 1#1: worker process 37 exited with code 0
2022/04/26 11:37:07 [notice] 1#1: signal 29 (SIGIO) received
2022/04/26 11:37:07 [notice] 1#1: signal 17 (SIGCHLD) received from 36
2022/04/26 11:37:07 [notice] 1#1: worker process 36 exited with code 0
2022/04/26 11:37:07 [notice] 1#1: signal 29 (SIGIO) received
2022/04/26 11:37:07 [notice] 1#1: signal 17 (SIGCHLD) received from 32
2022/04/26 11:37:07 [notice] 1#1: worker process 32 exited with code 0
2022/04/26 11:37:07 [notice] 1#1: signal 29 (SIGIO) received
2022/04/26 11:37:07 [notice] 1#1: signal 17 (SIGCHLD) received from 35
2022/04/26 11:37:07 [notice] 1#1: worker process 30 exited with code 0
2022/04/26 11:37:07 [notice] 1#1: worker process 35 exited with code 0
2022/04/26 11:37:07 [notice] 1#1: signal 29 (SIGIO) received
2022/04/26 11:37:07 [notice] 1#1: signal 17 (SIGCHLD) received from 34
2022/04/26 11:37:07 [notice] 1#1: worker process 34 exited with code 0
2022/04/26 11:37:07 [notice] 1#1: signal 29 (SIGIO) received
2022/04/26 11:37:07 [notice] 1#1: signal 17 (SIGCHLD) received from 33
2022/04/26 11:37:07 [notice] 1#1: worker process 33 exited with code 0
2022/04/26 11:37:07 [notice] 1#1: signal 29 (SIGIO) received
2022/04/26 11:37:09 [notice] 31#31: exiting
2022/04/26 11:37:09 [notice] 31#31: exit
2022/04/26 11:37:09 [notice] 1#1: signal 17 (SIGCHLD) received from 31
2022/04/26 11:37:09 [notice] 1#1: worker process 31 exited with code 0
2022/04/26 11:37:09 [notice] 1#1: exit
2022/04/26 11:37:14 [notice] 1#1: using the "epoll" event method
2022/04/26 11:37:14 [notice] 1#1: nginx/1.21.6
2022/04/26 11:37:14 [notice] 1#1: built by gcc 10.2.1 20210110 (Debian 10.2.1-6) 
2022/04/26 11:37:14 [notice] 1#1: OS: Linux 5.13.0-40-generic
2022/04/26 11:37:14 [notice] 1#1: getrlimit(RLIMIT_NOFILE): 1048576:1048576
2022/04/26 11:37:14 [notice] 1#1: start worker processes
2022/04/26 11:37:14 [notice] 1#1: start worker process 30
2022/04/26 11:37:14 [notice] 1#1: start worker process 31
2022/04/26 11:37:14 [notice] 1#1: start worker process 32
2022/04/26 11:37:14 [notice] 1#1: start worker process 33
2022/04/26 11:37:14 [notice] 1#1: start worker process 34
2022/04/26 11:37:14 [notice] 1#1: start worker process 35
2022/04/26 11:37:14 [notice] 1#1: start worker process 36
2022/04/26 11:37:14 [notice] 1#1: start worker process 37
2022/04/26 11:37:43 [notice] 1#1: signal 3 (SIGQUIT) received, shutting down
2022/04/26 11:37:43 [notice] 30#30: gracefully shutting down
2022/04/26 11:37:43 [notice] 30#30: exiting
2022/04/26 11:37:43 [notice] 31#31: gracefully shutting down
2022/04/26 11:37:43 [notice] 32#32: gracefully shutting down
2022/04/26 11:37:43 [notice] 33#33: gracefully shutting down
2022/04/26 11:37:43 [notice] 34#34: gracefully shutting down
2022/04/26 11:37:43 [notice] 31#31: exiting
2022/04/26 11:37:43 [notice] 36#36: gracefully shutting down
2022/04/26 11:37:43 [notice] 34#34: exiting
2022/04/26 11:37:43 [notice] 32#32: exiting
2022/04/26 11:37:43 [notice] 30#30: exit
2022/04/26 11:37:43 [notice] 33#33: exiting
2022/04/26 11:37:43 [notice] 36#36: exiting
2022/04/26 11:37:43 [notice] 31#31: exit
2022/04/26 11:37:43 [notice] 34#34: exit
2022/04/26 11:37:43 [notice] 32#32: exit
2022/04/26 11:37:43 [notice] 36#36: exit
2022/04/26 11:37:43 [notice] 33#33: exit
2022/04/26 11:37:43 [notice] 37#37: gracefully shutting down
2022/04/26 11:37:43 [notice] 37#37: exiting
2022/04/26 11:37:43 [notice] 37#37: exit
2022/04/26 11:37:43 [notice] 35#35: gracefully shutting down
2022/04/26 11:37:43 [notice] 35#35: exiting
2022/04/26 11:37:43 [notice] 35#35: exit
2022/04/26 11:37:43 [notice] 1#1: signal 17 (SIGCHLD) received from 37
2022/04/26 11:37:43 [notice] 1#1: worker process 37 exited with code 0
2022/04/26 11:37:43 [notice] 1#1: signal 29 (SIGIO) received
2022/04/26 11:37:43 [notice] 1#1: signal 17 (SIGCHLD) received from 32
2022/04/26 11:37:43 [notice] 1#1: worker process 31 exited with code 0
2022/04/26 11:37:43 [notice] 1#1: worker process 32 exited with code 0
2022/04/26 11:37:43 [notice] 1#1: signal 29 (SIGIO) received
2022/04/26 11:37:43 [notice] 1#1: signal 17 (SIGCHLD) received from 36
2022/04/26 11:37:43 [notice] 1#1: worker process 36 exited with code 0
2022/04/26 11:37:43 [notice] 1#1: signal 29 (SIGIO) received
2022/04/26 11:37:43 [notice] 1#1: signal 17 (SIGCHLD) received from 34
2022/04/26 11:37:43 [notice] 1#1: worker process 34 exited with code 0
2022/04/26 11:37:43 [notice] 1#1: signal 29 (SIGIO) received
2022/04/26 11:37:43 [notice] 1#1: signal 17 (SIGCHLD) received from 33
2022/04/26 11:37:43 [notice] 1#1: worker process 33 exited with code 0
2022/04/26 11:37:43 [notice] 1#1: signal 29 (SIGIO) received
2022/04/26 11:37:43 [notice] 1#1: signal 17 (SIGCHLD) received from 30
2022/04/26 11:37:43 [notice] 1#1: worker process 30 exited with code 0
2022/04/26 11:37:43 [notice] 1#1: worker process 35 exited with code 0
2022/04/26 11:37:43 [notice] 1#1: exit
2022/04/26 11:37:48 [notice] 1#1: using the "epoll" event method
2022/04/26 11:37:48 [notice] 1#1: nginx/1.21.6
2022/04/26 11:37:48 [notice] 1#1: built by gcc 10.2.1 20210110 (Debian 10.2.1-6) 
2022/04/26 11:37:48 [notice] 1#1: OS: Linux 5.13.0-40-generic
2022/04/26 11:37:48 [notice] 1#1: getrlimit(RLIMIT_NOFILE): 1048576:1048576
2022/04/26 11:37:48 [notice] 1#1: start worker processes
2022/04/26 11:37:48 [notice] 1#1: start worker process 30
2022/04/26 11:37:48 [notice] 1#1: start worker process 31
2022/04/26 11:37:48 [notice] 1#1: start worker process 32
2022/04/26 11:37:48 [notice] 1#1: start worker process 33
2022/04/26 11:37:48 [notice] 1#1: start worker process 34
2022/04/26 11:37:48 [notice] 1#1: start worker process 35
2022/04/26 11:37:48 [notice] 1#1: start worker process 36
2022/04/26 11:37:48 [notice] 1#1: start worker process 37
2022/04/26 13:41:36 [notice] 1#1: signal 3 (SIGQUIT) received, shutting down
2022/04/26 13:41:36 [notice] 30#30: gracefully shutting down
2022/04/26 13:41:36 [notice] 31#31: gracefully shutting down
2022/04/26 13:41:36 [notice] 32#32: gracefully shutting down
2022/04/26 13:41:36 [notice] 33#33: gracefully shutting down
2022/04/26 13:41:36 [notice] 34#34: gracefully shutting down
2022/04/26 13:41:36 [notice] 30#30: exiting
2022/04/26 13:41:36 [notice] 31#31: exiting
2022/04/26 13:41:36 [notice] 35#35: gracefully shutting down
2022/04/26 13:41:36 [notice] 32#32: exiting
2022/04/26 13:41:36 [notice] 33#33: exiting
2022/04/26 13:41:36 [notice] 34#34: exiting
2022/04/26 13:41:36 [notice] 35#35: exiting
2022/04/26 13:41:36 [notice] 30#30: exit
2022/04/26 13:41:36 [notice] 31#31: exit
2022/04/26 13:41:36 [notice] 32#32: exit
2022/04/26 13:41:36 [notice] 33#33: exit
2022/04/26 13:41:36 [notice] 34#34: exit
2022/04/26 13:41:36 [notice] 35#35: exit
2022/04/26 13:41:36 [notice] 36#36: gracefully shutting down
2022/04/26 13:41:36 [notice] 36#36: exiting
2022/04/26 13:41:36 [notice] 36#36: exit
2022/04/26 13:41:36 [notice] 37#37: gracefully shutting down
2022/04/26 13:41:36 [notice] 37#37: exiting
2022/04/26 13:41:36 [notice] 37#37: exit
2022/04/26 13:41:36 [notice] 1#1: signal 17 (SIGCHLD) received from 36
2022/04/26 13:41:36 [notice] 1#1: worker process 36 exited with code 0
2022/04/26 13:41:36 [notice] 1#1: signal 29 (SIGIO) received
2022/04/26 13:41:37 [notice] 1#1: signal 17 (SIGCHLD) received from 34
2022/04/26 13:41:37 [notice] 1#1: worker process 31 exited with code 0
2022/04/26 13:41:37 [notice] 1#1: worker process 34 exited with code 0
2022/04/26 13:41:37 [notice] 1#1: signal 29 (SIGIO) received
2022/04/26 13:41:37 [notice] 1#1: signal 17 (SIGCHLD) received from 31
2022/04/26 13:41:37 [notice] 1#1: signal 17 (SIGCHLD) received from 33
2022/04/26 13:41:37 [notice] 1#1: worker process 33 exited with code 0
2022/04/26 13:41:37 [notice] 1#1: signal 29 (SIGIO) received
2022/04/26 13:41:37 [notice] 1#1: signal 17 (SIGCHLD) received from 32
2022/04/26 13:41:37 [notice] 1#1: worker process 32 exited with code 0
2022/04/26 13:41:37 [notice] 1#1: worker process 35 exited with code 0
2022/04/26 13:41:37 [notice] 1#1: worker process 37 exited with code 0
2022/04/26 13:41:37 [notice] 1#1: signal 29 (SIGIO) received
2022/04/26 13:41:37 [notice] 1#1: signal 17 (SIGCHLD) received from 37
2022/04/26 13:41:37 [notice] 1#1: signal 17 (SIGCHLD) received from 30
2022/04/26 13:41:37 [notice] 1#1: worker process 30 exited with code 0
2022/04/26 13:41:37 [notice] 1#1: exit
2022/04/26 13:41:44 [notice] 1#1: using the "epoll" event method
2022/04/26 13:41:44 [notice] 1#1: nginx/1.21.6
2022/04/26 13:41:44 [notice] 1#1: built by gcc 10.2.1 20210110 (Debian 10.2.1-6) 
2022/04/26 13:41:44 [notice] 1#1: OS: Linux 5.13.0-40-generic
2022/04/26 13:41:44 [notice] 1#1: getrlimit(RLIMIT_NOFILE): 1048576:1048576
2022/04/26 13:41:44 [notice] 1#1: start worker processes
2022/04/26 13:41:44 [notice] 1#1: start worker process 30
2022/04/26 13:41:44 [notice] 1#1: start worker process 31
2022/04/26 13:41:44 [notice] 1#1: start worker process 32
2022/04/26 13:41:44 [notice] 1#1: start worker process 33
2022/04/26 13:41:44 [notice] 1#1: start worker process 34
2022/04/26 13:41:44 [notice] 1#1: start worker process 35
2022/04/26 13:41:44 [notice] 1#1: start worker process 36
2022/04/26 13:41:44 [notice] 1#1: start worker process 37
2022/04/27 08:03:37 [notice] 1#1: signal 3 (SIGQUIT) received, shutting down
2022/04/27 08:03:37 [notice] 31#31: gracefully shutting down
2022/04/27 08:03:37 [notice] 33#33: gracefully shutting down
2022/04/27 08:03:37 [notice] 34#34: gracefully shutting down
2022/04/27 08:03:37 [notice] 32#32: gracefully shutting down
2022/04/27 08:03:37 [notice] 31#31: exiting
2022/04/27 08:03:37 [notice] 35#35: gracefully shutting down
2022/04/27 08:03:37 [notice] 33#33: exiting
2022/04/27 08:03:37 [notice] 34#34: exiting
2022/04/27 08:03:37 [notice] 32#32: exiting
2022/04/27 08:03:37 [notice] 35#35: exiting
2022/04/27 08:03:37 [notice] 31#31: exit
2022/04/27 08:03:37 [notice] 34#34: exit
2022/04/27 08:03:37 [notice] 33#33: exit
2022/04/27 08:03:37 [notice] 35#35: exit
2022/04/27 08:03:37 [notice] 32#32: exit
2022/04/27 08:03:37 [notice] 30#30: gracefully shutting down
2022/04/27 08:03:37 [notice] 30#30: exiting
2022/04/27 08:03:37 [notice] 36#36: gracefully shutting down
2022/04/27 08:03:37 [notice] 37#37: gracefully shutting down
2022/04/27 08:03:37 [notice] 36#36: exiting
2022/04/27 08:03:37 [notice] 37#37: exiting
2022/04/27 08:03:37 [notice] 30#30: exit
2022/04/27 08:03:37 [notice] 36#36: exit
2022/04/27 08:03:37 [notice] 37#37: exit
2022/04/27 08:03:37 [notice] 1#1: signal 17 (SIGCHLD) received from 31
2022/04/27 08:03:37 [notice] 1#1: worker process 31 exited with code 0
2022/04/27 08:03:37 [notice] 1#1: signal 29 (SIGIO) received
2022/04/27 08:03:37 [notice] 1#1: signal 17 (SIGCHLD) received from 36
2022/04/27 08:03:37 [notice] 1#1: worker process 30 exited with code 0
2022/04/27 08:03:37 [notice] 1#1: worker process 34 exited with code 0
2022/04/27 08:03:37 [notice] 1#1: worker process 36 exited with code 0
2022/04/27 08:03:37 [notice] 1#1: signal 29 (SIGIO) received
2022/04/27 08:03:37 [notice] 1#1: signal 17 (SIGCHLD) received from 34
2022/04/27 08:03:37 [notice] 1#1: signal 17 (SIGCHLD) received from 32
2022/04/27 08:03:37 [notice] 1#1: worker process 32 exited with code 0
2022/04/27 08:03:37 [notice] 1#1: signal 29 (SIGIO) received
2022/04/27 08:03:37 [notice] 1#1: signal 17 (SIGCHLD) received from 35
2022/04/27 08:03:37 [notice] 1#1: worker process 33 exited with code 0
2022/04/27 08:03:37 [notice] 1#1: worker process 35 exited with code 0
2022/04/27 08:03:37 [notice] 1#1: signal 29 (SIGIO) received
2022/04/27 08:03:37 [notice] 1#1: signal 17 (SIGCHLD) received from 37
2022/04/27 08:03:37 [notice] 1#1: worker process 37 exited with code 0
2022/04/27 08:03:37 [notice] 1#1: exit
2022/04/27 09:57:00 [notice] 1#1: using the "epoll" event method
2022/04/27 09:57:00 [notice] 1#1: nginx/1.21.6
2022/04/27 09:57:00 [notice] 1#1: built by gcc 10.2.1 20210110 (Debian 10.2.1-6) 
2022/04/27 09:57:00 [notice] 1#1: OS: Linux 5.13.0-40-generic
2022/04/27 09:57:00 [notice] 1#1: getrlimit(RLIMIT_NOFILE): 1048576:1048576
2022/04/27 09:57:00 [notice] 1#1: start worker processes
2022/04/27 09:57:00 [notice] 1#1: start worker process 30
2022/04/27 09:57:00 [notice] 1#1: start worker process 31
2022/04/27 09:57:00 [notice] 1#1: start worker process 32
2022/04/27 09:57:00 [notice] 1#1: start worker process 33
2022/04/27 09:57:00 [notice] 1#1: start worker process 34
2022/04/27 09:57:00 [notice] 1#1: start worker process 35
2022/04/27 09:57:00 [notice] 1#1: start worker process 36
2022/04/27 09:57:00 [notice] 1#1: start worker process 37
2022/04/27 18:05:55 [notice] 1#1: signal 3 (SIGQUIT) received, shutting down
2022/04/27 18:05:55 [notice] 30#30: gracefully shutting down
2022/04/27 18:05:55 [notice] 31#31: gracefully shutting down
2022/04/27 18:05:55 [notice] 33#33: gracefully shutting down
2022/04/27 18:05:55 [notice] 30#30: exiting
2022/04/27 18:05:55 [notice] 34#34: gracefully shutting down
2022/04/27 18:05:55 [notice] 31#31: exiting
2022/04/27 18:05:55 [notice] 37#37: gracefully shutting down
2022/04/27 18:05:55 [notice] 33#33: exiting
2022/04/27 18:05:55 [notice] 34#34: exiting
2022/04/27 18:05:55 [notice] 37#37: exiting
2022/04/27 18:05:55 [notice] 31#31: exit
2022/04/27 18:05:55 [notice] 30#30: exit
2022/04/27 18:05:55 [notice] 33#33: exit
2022/04/27 18:05:55 [notice] 34#34: exit
2022/04/27 18:05:55 [notice] 37#37: exit
2022/04/27 18:05:55 [notice] 36#36: gracefully shutting down
2022/04/27 18:05:55 [notice] 36#36: exiting
2022/04/27 18:05:55 [notice] 36#36: exit
2022/04/27 18:05:55 [notice] 32#32: gracefully shutting down
2022/04/27 18:05:55 [notice] 32#32: exiting
2022/04/27 18:05:55 [notice] 32#32: exit
2022/04/27 18:05:55 [notice] 35#35: gracefully shutting down
2022/04/27 18:05:55 [notice] 35#35: exiting
2022/04/27 18:05:55 [notice] 35#35: exit
2022/04/27 18:05:55 [notice] 1#1: signal 17 (SIGCHLD) received from 34
2022/04/27 18:05:55 [notice] 1#1: worker process 34 exited with code 0
2022/04/27 18:05:55 [notice] 1#1: signal 29 (SIGIO) received
2022/04/27 18:05:55 [notice] 1#1: signal 17 (SIGCHLD) received from 30
2022/04/27 18:05:55 [notice] 1#1: worker process 30 exited with code 0
2022/04/27 18:05:55 [notice] 1#1: signal 29 (SIGIO) received
2022/04/27 18:05:55 [notice] 1#1: signal 17 (SIGCHLD) received from 31
2022/04/27 18:05:55 [notice] 1#1: worker process 31 exited with code 0
2022/04/27 18:05:55 [notice] 1#1: worker process 36 exited with code 0
2022/04/27 18:05:55 [notice] 1#1: worker process 37 exited with code 0
2022/04/27 18:05:55 [notice] 1#1: signal 29 (SIGIO) received
2022/04/27 18:05:55 [notice] 1#1: signal 17 (SIGCHLD) received from 36
2022/04/27 18:05:55 [notice] 1#1: signal 17 (SIGCHLD) received from 32
2022/04/27 18:05:55 [notice] 1#1: worker process 32 exited with code 0
2022/04/27 18:05:55 [notice] 1#1: signal 29 (SIGIO) received
2022/04/27 18:05:55 [notice] 1#1: signal 17 (SIGCHLD) received from 33
2022/04/27 18:05:55 [notice] 1#1: worker process 33 exited with code 0
2022/04/27 18:05:55 [notice] 1#1: signal 29 (SIGIO) received
2022/04/27 18:05:55 [notice] 1#1: signal 17 (SIGCHLD) received from 35
2022/04/27 18:05:55 [notice] 1#1: worker process 35 exited with code 0
2022/04/27 18:05:55 [notice] 1#1: exit
2022/04/27 18:45:52 [notice] 1#1: using the "epoll" event method
2022/04/27 18:45:52 [notice] 1#1: nginx/1.21.6
2022/04/27 18:45:52 [notice] 1#1: built by gcc 10.2.1 20210110 (Debian 10.2.1-6) 
2022/04/27 18:45:52 [notice] 1#1: OS: Linux 5.13.0-40-generic
2022/04/27 18:45:52 [notice] 1#1: getrlimit(RLIMIT_NOFILE): 1048576:1048576
2022/04/27 18:45:52 [notice] 1#1: start worker processes
2022/04/27 18:45:52 [notice] 1#1: start worker process 31
2022/04/27 18:45:52 [notice] 1#1: start worker process 32
2022/04/27 18:45:52 [notice] 1#1: start worker process 33
2022/04/27 18:45:52 [notice] 1#1: start worker process 34
2022/04/27 18:45:52 [notice] 1#1: start worker process 35
2022/04/27 18:45:52 [notice] 1#1: start worker process 36
2022/04/27 18:45:52 [notice] 1#1: start worker process 37
2022/04/27 18:45:52 [notice] 1#1: start worker process 38
2022/04/27 20:35:55 [notice] 1#1: signal 3 (SIGQUIT) received, shutting down
2022/04/27 20:35:55 [notice] 31#31: gracefully shutting down
2022/04/27 20:35:55 [notice] 32#32: gracefully shutting down
2022/04/27 20:35:55 [notice] 33#33: gracefully shutting down
2022/04/27 20:35:55 [notice] 31#31: exiting
2022/04/27 20:35:55 [notice] 35#35: gracefully shutting down
2022/04/27 20:35:55 [notice] 32#32: exiting
2022/04/27 20:35:55 [notice] 33#33: exiting
2022/04/27 20:35:55 [notice] 35#35: exiting
2022/04/27 20:35:55 [notice] 31#31: exit
2022/04/27 20:35:55 [notice] 32#32: exit
2022/04/27 20:35:55 [notice] 33#33: exit
2022/04/27 20:35:55 [notice] 35#35: exit
2022/04/27 20:35:55 [notice] 38#38: gracefully shutting down
2022/04/27 20:35:55 [notice] 38#38: exiting
2022/04/27 20:35:55 [notice] 38#38: exit
2022/04/27 20:35:55 [notice] 37#37: gracefully shutting down
2022/04/27 20:35:55 [notice] 36#36: gracefully shutting down
2022/04/27 20:35:55 [notice] 37#37: exiting
2022/04/27 20:35:55 [notice] 36#36: exiting
2022/04/27 20:35:55 [notice] 37#37: exit
2022/04/27 20:35:55 [notice] 36#36: exit
2022/04/27 20:35:55 [notice] 34#34: gracefully shutting down
2022/04/27 20:35:55 [notice] 34#34: exiting
2022/04/27 20:35:55 [notice] 34#34: exit
2022/04/27 20:35:55 [notice] 1#1: signal 17 (SIGCHLD) received from 32
2022/04/27 20:35:55 [notice] 1#1: worker process 32 exited with code 0
2022/04/27 20:35:55 [notice] 1#1: signal 29 (SIGIO) received
2022/04/27 20:35:55 [notice] 1#1: signal 17 (SIGCHLD) received from 36
2022/04/27 20:35:55 [notice] 1#1: worker process 31 exited with code 0
2022/04/27 20:35:55 [notice] 1#1: worker process 33 exited with code 0
2022/04/27 20:35:55 [notice] 1#1: worker process 34 exited with code 0
2022/04/27 20:35:55 [notice] 1#1: worker process 35 exited with code 0
2022/04/27 20:35:55 [notice] 1#1: worker process 36 exited with code 0
2022/04/27 20:35:55 [notice] 1#1: signal 29 (SIGIO) received
2022/04/27 20:35:55 [notice] 1#1: signal 17 (SIGCHLD) received from 31
2022/04/27 20:35:55 [notice] 1#1: signal 17 (SIGCHLD) received from 37
2022/04/27 20:35:55 [notice] 1#1: worker process 37 exited with code 0
2022/04/27 20:35:55 [notice] 1#1: worker process 38 exited with code 0
2022/04/27 20:35:55 [notice] 1#1: exit
2022/04/28 01:01:57 [notice] 1#1: using the "epoll" event method
2022/04/28 01:01:57 [notice] 1#1: nginx/1.21.6
2022/04/28 01:01:57 [notice] 1#1: built by gcc 10.2.1 20210110 (Debian 10.2.1-6) 
2022/04/28 01:01:57 [notice] 1#1: OS: Linux 5.13.0-40-generic
2022/04/28 01:01:57 [notice] 1#1: getrlimit(RLIMIT_NOFILE): 1048576:1048576
2022/04/28 01:01:57 [notice] 1#1: start worker processes
2022/04/28 01:01:57 [notice] 1#1: start worker process 30
2022/04/28 01:01:57 [notice] 1#1: start worker process 31
2022/04/28 01:01:57 [notice] 1#1: start worker process 32
2022/04/28 01:01:57 [notice] 1#1: start worker process 33
2022/04/28 01:01:57 [notice] 1#1: start worker process 34
2022/04/28 01:01:57 [notice] 1#1: start worker process 35
2022/04/28 01:01:57 [notice] 1#1: start worker process 36
2022/04/28 01:01:57 [notice] 1#1: start worker process 37
2022/04/28 03:16:37 [notice] 1#1: signal 3 (SIGQUIT) received, shutting down
2022/04/28 03:16:37 [notice] 30#30: gracefully shutting down
2022/04/28 03:16:37 [notice] 32#32: gracefully shutting down
2022/04/28 03:16:37 [notice] 33#33: gracefully shutting down
2022/04/28 03:16:37 [notice] 34#34: gracefully shutting down
2022/04/28 03:16:37 [notice] 37#37: gracefully shutting down
2022/04/28 03:16:37 [notice] 32#32: exiting
2022/04/28 03:16:37 [notice] 31#31: gracefully shutting down
2022/04/28 03:16:37 [notice] 33#33: exiting
2022/04/28 03:16:37 [notice] 34#34: exiting
2022/04/28 03:16:37 [notice] 37#37: exiting
2022/04/28 03:16:37 [notice] 31#31: exiting
2022/04/28 03:16:37 [notice] 32#32: exit
2022/04/28 03:16:37 [notice] 31#31: exit
2022/04/28 03:16:37 [notice] 30#30: exiting
2022/04/28 03:16:37 [notice] 34#34: exit
2022/04/28 03:16:37 [notice] 33#33: exit
2022/04/28 03:16:37 [notice] 37#37: exit
2022/04/28 03:16:37 [notice] 30#30: exit
2022/04/28 03:16:37 [notice] 35#35: gracefully shutting down
2022/04/28 03:16:37 [notice] 36#36: gracefully shutting down
2022/04/28 03:16:37 [notice] 35#35: exiting
2022/04/28 03:16:37 [notice] 36#36: exiting
2022/04/28 03:16:37 [notice] 35#35: exit
2022/04/28 03:16:37 [notice] 36#36: exit
2022/04/28 03:16:37 [notice] 1#1: signal 17 (SIGCHLD) received from 37
2022/04/28 03:16:37 [notice] 1#1: worker process 37 exited with code 0
2022/04/28 03:16:37 [notice] 1#1: signal 29 (SIGIO) received
2022/04/28 03:16:37 [notice] 1#1: signal 17 (SIGCHLD) received from 30
2022/04/28 03:16:37 [notice] 1#1: worker process 30 exited with code 0
2022/04/28 03:16:37 [notice] 1#1: worker process 31 exited with code 0
2022/04/28 03:16:37 [notice] 1#1: worker process 33 exited with code 0
2022/04/28 03:16:37 [notice] 1#1: worker process 35 exited with code 0
2022/04/28 03:16:37 [notice] 1#1: signal 29 (SIGIO) received
2022/04/28 03:16:37 [notice] 1#1: signal 17 (SIGCHLD) received from 33
2022/04/28 03:16:37 [notice] 1#1: signal 17 (SIGCHLD) received from 32
2022/04/28 03:16:37 [notice] 1#1: worker process 32 exited with code 0
2022/04/28 03:16:37 [notice] 1#1: signal 29 (SIGIO) received
2022/04/28 03:16:37 [notice] 1#1: signal 17 (SIGCHLD) received from 36
2022/04/28 03:16:37 [notice] 1#1: worker process 34 exited with code 0
2022/04/28 03:16:37 [notice] 1#1: worker process 36 exited with code 0
2022/04/28 03:16:37 [notice] 1#1: exit
2022/04/28 03:16:59 [notice] 1#1: using the "epoll" event method
2022/04/28 03:16:59 [notice] 1#1: nginx/1.21.6
2022/04/28 03:16:59 [notice] 1#1: built by gcc 10.2.1 20210110 (Debian 10.2.1-6) 
2022/04/28 03:16:59 [notice] 1#1: OS: Linux 5.13.0-40-generic
2022/04/28 03:16:59 [notice] 1#1: getrlimit(RLIMIT_NOFILE): 1048576:1048576
2022/04/28 03:16:59 [notice] 1#1: start worker processes
2022/04/28 03:16:59 [notice] 1#1: start worker process 30
2022/04/28 03:16:59 [notice] 1#1: start worker process 31
2022/04/28 03:16:59 [notice] 1#1: start worker process 32
2022/04/28 03:16:59 [notice] 1#1: start worker process 33
2022/04/28 03:16:59 [notice] 1#1: start worker process 34
2022/04/28 03:16:59 [notice] 1#1: start worker process 35
2022/04/28 03:16:59 [notice] 1#1: start worker process 36
2022/04/28 03:16:59 [notice] 1#1: start worker process 37
2022/04/28 06:25:23 [notice] 1#1: signal 3 (SIGQUIT) received, shutting down
2022/04/28 06:25:23 [notice] 30#30: gracefully shutting down
2022/04/28 06:25:23 [notice] 31#31: gracefully shutting down
2022/04/28 06:25:23 [notice] 34#34: gracefully shutting down
2022/04/28 06:25:23 [notice] 30#30: exiting
2022/04/28 06:25:23 [notice] 31#31: exiting
2022/04/28 06:25:23 [notice] 36#36: gracefully shutting down
2022/04/28 06:25:23 [notice] 35#35: gracefully shutting down
2022/04/28 06:25:23 [notice] 34#34: exiting
2022/04/28 06:25:23 [notice] 36#36: exiting
2022/04/28 06:25:23 [notice] 35#35: exiting
2022/04/28 06:25:23 [notice] 30#30: exit
2022/04/28 06:25:23 [notice] 31#31: exit
2022/04/28 06:25:23 [notice] 34#34: exit
2022/04/28 06:25:23 [notice] 36#36: exit
2022/04/28 06:25:23 [notice] 35#35: exit
2022/04/28 06:25:23 [notice] 32#32: gracefully shutting down
2022/04/28 06:25:23 [notice] 32#32: exiting
2022/04/28 06:25:23 [notice] 32#32: exit
2022/04/28 06:25:23 [notice] 37#37: gracefully shutting down
2022/04/28 06:25:23 [notice] 37#37: exiting
2022/04/28 06:25:23 [notice] 37#37: exit
2022/04/28 06:25:23 [notice] 33#33: gracefully shutting down
2022/04/28 06:25:23 [notice] 33#33: exiting
2022/04/28 06:25:23 [notice] 33#33: exit
2022/04/28 06:25:23 [notice] 1#1: signal 17 (SIGCHLD) received from 36
2022/04/28 06:25:23 [notice] 1#1: worker process 36 exited with code 0
2022/04/28 06:25:23 [notice] 1#1: signal 29 (SIGIO) received
2022/04/28 06:25:23 [notice] 1#1: signal 17 (SIGCHLD) received from 35
2022/04/28 06:25:23 [notice] 1#1: worker process 30 exited with code 0
2022/04/28 06:25:23 [notice] 1#1: worker process 32 exited with code 0
2022/04/28 06:25:23 [notice] 1#1: worker process 34 exited with code 0
2022/04/28 06:25:23 [notice] 1#1: worker process 35 exited with code 0
2022/04/28 06:25:23 [notice] 1#1: signal 29 (SIGIO) received
2022/04/28 06:25:23 [notice] 1#1: signal 17 (SIGCHLD) received from 32
2022/04/28 06:25:23 [notice] 1#1: signal 17 (SIGCHLD) received from 37
2022/04/28 06:25:23 [notice] 1#1: worker process 37 exited with code 0
2022/04/28 06:25:23 [notice] 1#1: signal 29 (SIGIO) received
2022/04/28 06:25:23 [notice] 1#1: signal 17 (SIGCHLD) received from 31
2022/04/28 06:25:23 [notice] 1#1: worker process 31 exited with code 0
2022/04/28 06:25:23 [notice] 1#1: signal 29 (SIGIO) received
2022/04/28 06:25:23 [notice] 1#1: signal 17 (SIGCHLD) received from 33
2022/04/28 06:25:23 [notice] 1#1: worker process 33 exited with code 0
2022/04/28 06:25:23 [notice] 1#1: exit
2022/04/28 06:28:34 [notice] 1#1: using the "epoll" event method
2022/04/28 06:28:34 [notice] 1#1: nginx/1.21.6
2022/04/28 06:28:34 [notice] 1#1: built by gcc 10.2.1 20210110 (Debian 10.2.1-6) 
2022/04/28 06:28:34 [notice] 1#1: OS: Linux 5.13.0-40-generic
2022/04/28 06:28:34 [notice] 1#1: getrlimit(RLIMIT_NOFILE): 1048576:1048576
2022/04/28 06:28:34 [notice] 1#1: start worker processes
2022/04/28 06:28:34 [notice] 1#1: start worker process 31
2022/04/28 06:28:34 [notice] 1#1: start worker process 32
2022/04/28 06:28:34 [notice] 1#1: start worker process 33
2022/04/28 06:28:34 [notice] 1#1: start worker process 34
2022/04/28 06:28:34 [notice] 1#1: start worker process 35
2022/04/28 06:28:34 [notice] 1#1: start worker process 36
2022/04/28 06:28:34 [notice] 1#1: start worker process 37
2022/04/28 06:28:34 [notice] 1#1: start worker process 38
2022/04/28 10:17:05 [notice] 1#1: signal 3 (SIGQUIT) received, shutting down
2022/04/28 10:17:05 [notice] 31#31: gracefully shutting down
2022/04/28 10:17:05 [notice] 32#32: gracefully shutting down
2022/04/28 10:17:05 [notice] 31#31: exiting
2022/04/28 10:17:05 [notice] 32#32: exiting
2022/04/28 10:17:05 [notice] 37#37: gracefully shutting down
2022/04/28 10:17:05 [notice] 37#37: exiting
2022/04/28 10:17:05 [notice] 32#32: exit
2022/04/28 10:17:05 [notice] 31#31: exit
2022/04/28 10:17:05 [notice] 37#37: exit
2022/04/28 10:17:05 [notice] 34#34: gracefully shutting down
2022/04/28 10:17:05 [notice] 34#34: exiting
2022/04/28 10:17:05 [notice] 34#34: exit
2022/04/28 10:17:05 [notice] 38#38: gracefully shutting down
2022/04/28 10:17:05 [notice] 33#33: gracefully shutting down
2022/04/28 10:17:05 [notice] 38#38: exiting
2022/04/28 10:17:05 [notice] 33#33: exiting
2022/04/28 10:17:05 [notice] 33#33: exit
2022/04/28 10:17:05 [notice] 38#38: exit
2022/04/28 10:17:05 [notice] 36#36: gracefully shutting down
2022/04/28 10:17:05 [notice] 36#36: exiting
2022/04/28 10:17:05 [notice] 35#35: gracefully shutting down
2022/04/28 10:17:05 [notice] 35#35: exiting
2022/04/28 10:17:05 [notice] 36#36: exit
2022/04/28 10:17:05 [notice] 35#35: exit
2022/04/28 10:17:05 [notice] 1#1: signal 17 (SIGCHLD) received from 32
2022/04/28 10:17:05 [notice] 1#1: worker process 32 exited with code 0
2022/04/28 10:17:05 [notice] 1#1: signal 29 (SIGIO) received
2022/04/28 10:17:05 [notice] 1#1: signal 17 (SIGCHLD) received from 38
2022/04/28 10:17:05 [notice] 1#1: worker process 38 exited with code 0
2022/04/28 10:17:05 [notice] 1#1: worker process 35 exited with code 0
2022/04/28 10:17:05 [notice] 1#1: signal 29 (SIGIO) received
2022/04/28 10:17:05 [notice] 1#1: signal 17 (SIGCHLD) received from 35
2022/04/28 10:17:05 [notice] 1#1: signal 17 (SIGCHLD) received from 33
2022/04/28 10:17:05 [notice] 1#1: worker process 33 exited with code 0
2022/04/28 10:17:05 [notice] 1#1: signal 29 (SIGIO) received
2022/04/28 10:17:05 [notice] 1#1: signal 17 (SIGCHLD) received from 34
2022/04/28 10:17:05 [notice] 1#1: worker process 34 exited with code 0
2022/04/28 10:17:05 [notice] 1#1: signal 29 (SIGIO) received
2022/04/28 10:17:05 [notice] 1#1: signal 17 (SIGCHLD) received from 31
2022/04/28 10:17:05 [notice] 1#1: worker process 31 exited with code 0
2022/04/28 10:17:05 [notice] 1#1: worker process 37 exited with code 0
2022/04/28 10:17:05 [notice] 1#1: signal 29 (SIGIO) received
2022/04/28 10:17:05 [notice] 1#1: signal 17 (SIGCHLD) received from 36
2022/04/28 10:17:05 [notice] 1#1: worker process 36 exited with code 0
2022/04/28 10:17:05 [notice] 1#1: exit
2022/04/28 15:11:02 [notice] 1#1: using the "epoll" event method
2022/04/28 15:11:02 [notice] 1#1: nginx/1.21.6
2022/04/28 15:11:02 [notice] 1#1: built by gcc 10.2.1 20210110 (Debian 10.2.1-6) 
2022/04/28 15:11:02 [notice] 1#1: OS: Linux 5.13.0-40-generic
2022/04/28 15:11:02 [notice] 1#1: getrlimit(RLIMIT_NOFILE): 1048576:1048576
2022/04/28 15:11:02 [notice] 1#1: start worker processes
2022/04/28 15:11:02 [notice] 1#1: start worker process 30
2022/04/28 15:11:02 [notice] 1#1: start worker process 31
2022/04/28 15:11:02 [notice] 1#1: start worker process 32
2022/04/28 15:11:02 [notice] 1#1: start worker process 33
2022/04/28 15:11:02 [notice] 1#1: start worker process 34
2022/04/28 15:11:02 [notice] 1#1: start worker process 35
2022/04/28 15:11:02 [notice] 1#1: start worker process 36
2022/04/28 15:11:02 [notice] 1#1: start worker process 37
2022/04/28 19:35:44 [notice] 1#1: signal 3 (SIGQUIT) received, shutting down
2022/04/28 19:35:44 [notice] 32#32: gracefully shutting down
2022/04/28 19:35:44 [notice] 34#34: gracefully shutting down
2022/04/28 19:35:44 [notice] 35#35: gracefully shutting down
2022/04/28 19:35:44 [notice] 32#32: exiting
2022/04/28 19:35:44 [notice] 30#30: gracefully shutting down
2022/04/28 19:35:44 [notice] 34#34: exiting
2022/04/28 19:35:44 [notice] 35#35: exiting
2022/04/28 19:35:44 [notice] 30#30: exiting
2022/04/28 19:35:44 [notice] 32#32: exit
2022/04/28 19:35:44 [notice] 35#35: exit
2022/04/28 19:35:44 [notice] 34#34: exit
2022/04/28 19:35:44 [notice] 30#30: exit
2022/04/28 19:35:44 [notice] 31#31: gracefully shutting down
2022/04/28 19:35:44 [notice] 31#31: exiting
2022/04/28 19:35:44 [notice] 31#31: exit
2022/04/28 19:35:44 [notice] 36#36: gracefully shutting down
2022/04/28 19:35:44 [notice] 36#36: exiting
2022/04/28 19:35:44 [notice] 36#36: exit
2022/04/28 19:35:44 [notice] 37#37: gracefully shutting down
2022/04/28 19:35:44 [notice] 37#37: exiting
2022/04/28 19:35:44 [notice] 37#37: exit
2022/04/28 19:35:44 [notice] 33#33: gracefully shutting down
2022/04/28 19:35:44 [notice] 33#33: exiting
2022/04/28 19:35:44 [notice] 33#33: exit
2022/04/28 19:35:44 [notice] 1#1: signal 17 (SIGCHLD) received from 31
2022/04/28 19:35:44 [notice] 1#1: worker process 31 exited with code 0
2022/04/28 19:35:44 [notice] 1#1: signal 29 (SIGIO) received
2022/04/28 19:35:44 [notice] 1#1: signal 17 (SIGCHLD) received from 34
2022/04/28 19:35:44 [notice] 1#1: worker process 34 exited with code 0
2022/04/28 19:35:44 [notice] 1#1: signal 29 (SIGIO) received
2022/04/28 19:35:44 [notice] 1#1: signal 17 (SIGCHLD) received from 35
2022/04/28 19:35:44 [notice] 1#1: worker process 35 exited with code 0
2022/04/28 19:35:44 [notice] 1#1: signal 29 (SIGIO) received
2022/04/28 19:35:44 [notice] 1#1: signal 17 (SIGCHLD) received from 30
2022/04/28 19:35:44 [notice] 1#1: worker process 30 exited with code 0
2022/04/28 19:35:44 [notice] 1#1: signal 29 (SIGIO) received
2022/04/28 19:35:44 [notice] 1#1: signal 17 (SIGCHLD) received from 32
2022/04/28 19:35:44 [notice] 1#1: worker process 32 exited with code 0
2022/04/28 19:35:44 [notice] 1#1: signal 29 (SIGIO) received
2022/04/28 19:35:44 [notice] 1#1: signal 17 (SIGCHLD) received from 33
2022/04/28 19:35:44 [notice] 1#1: worker process 33 exited with code 0
2022/04/28 19:35:44 [notice] 1#1: worker process 36 exited with code 0
2022/04/28 19:35:44 [notice] 1#1: worker process 37 exited with code 0
2022/04/28 19:35:44 [notice] 1#1: exit
2022/04/29 01:23:47 [notice] 1#1: using the "epoll" event method
2022/04/29 01:23:47 [notice] 1#1: nginx/1.21.6
2022/04/29 01:23:47 [notice] 1#1: built by gcc 10.2.1 20210110 (Debian 10.2.1-6) 
2022/04/29 01:23:47 [notice] 1#1: OS: Linux 5.13.0-40-generic
2022/04/29 01:23:47 [notice] 1#1: getrlimit(RLIMIT_NOFILE): 1048576:1048576
2022/04/29 01:23:47 [notice] 1#1: start worker processes
2022/04/29 01:23:47 [notice] 1#1: start worker process 30
2022/04/29 01:23:47 [notice] 1#1: start worker process 31
2022/04/29 01:23:47 [notice] 1#1: start worker process 32
2022/04/29 01:23:47 [notice] 1#1: start worker process 33
2022/04/29 01:23:47 [notice] 1#1: start worker process 34
2022/04/29 01:23:47 [notice] 1#1: start worker process 35
2022/04/29 01:23:47 [notice] 1#1: start worker process 36
2022/04/29 01:23:47 [notice] 1#1: start worker process 37
2022/05/11 09:42:00 [notice] 1#1: using the "epoll" event method
2022/05/11 09:42:00 [notice] 1#1: nginx/1.21.6
2022/05/11 09:42:00 [notice] 1#1: built by gcc 10.2.1 20210110 (Debian 10.2.1-6) 
2022/05/11 09:42:00 [notice] 1#1: OS: Linux 5.10.25-linuxkit
2022/05/11 09:42:00 [notice] 1#1: getrlimit(RLIMIT_NOFILE): 1048576:1048576
2022/05/11 09:42:00 [notice] 1#1: start worker processes
2022/05/11 09:42:00 [notice] 1#1: start worker process 31
2022/05/11 09:42:00 [notice] 1#1: start worker process 32
2022/05/11 09:42:00 [notice] 1#1: start worker process 33
2022/05/11 09:42:00 [notice] 1#1: start worker process 34
2022/05/11 09:47:28 [notice] 1#1: signal 3 (SIGQUIT) received, shutting down
2022/05/11 09:47:28 [notice] 31#31: gracefully shutting down
2022/05/11 09:47:28 [notice] 32#32: gracefully shutting down
2022/05/11 09:47:28 [notice] 34#34: gracefully shutting down
2022/05/11 09:47:28 [notice] 33#33: gracefully shutting down
2022/05/11 09:47:28 [notice] 31#31: exiting
2022/05/11 09:47:28 [notice] 32#32: exiting
2022/05/11 09:47:28 [notice] 34#34: exiting
2022/05/11 09:47:28 [notice] 33#33: exiting
2022/05/11 09:47:28 [notice] 31#31: exit
2022/05/11 09:47:28 [notice] 32#32: exit
2022/05/11 09:47:28 [notice] 34#34: exit
2022/05/11 09:47:28 [notice] 33#33: exit
2022/05/11 09:47:28 [notice] 1#1: signal 17 (SIGCHLD) received from 34
2022/05/11 09:47:28 [notice] 1#1: worker process 34 exited with code 0
2022/05/11 09:47:28 [notice] 1#1: worker process 31 exited with code 0
2022/05/11 09:47:28 [notice] 1#1: signal 29 (SIGIO) received
2022/05/11 09:47:28 [notice] 1#1: signal 17 (SIGCHLD) received from 31
2022/05/11 09:47:28 [notice] 1#1: worker process 32 exited with code 0
2022/05/11 09:47:28 [notice] 1#1: worker process 33 exited with code 0
2022/05/11 09:47:28 [notice] 1#1: exit
2022/05/11 09:47:55 [notice] 1#1: using the "epoll" event method
2022/05/11 09:47:55 [notice] 1#1: nginx/1.21.6
2022/05/11 09:47:55 [notice] 1#1: built by gcc 10.2.1 20210110 (Debian 10.2.1-6) 
2022/05/11 09:47:55 [notice] 1#1: OS: Linux 5.10.25-linuxkit
2022/05/11 09:47:55 [notice] 1#1: getrlimit(RLIMIT_NOFILE): 1048576:1048576
2022/05/11 09:47:55 [notice] 1#1: start worker processes
2022/05/11 09:47:55 [notice] 1#1: start worker process 30
2022/05/11 09:47:55 [notice] 1#1: start worker process 31
2022/05/11 09:47:55 [notice] 1#1: start worker process 32
2022/05/11 09:47:55 [notice] 1#1: start worker process 33
2022/06/03 06:16:00 [notice] 1#1: signal 3 (SIGQUIT) received, shutting down
2022/06/03 06:16:00 [notice] 33#33: gracefully shutting down
2022/06/03 06:16:00 [notice] 32#32: gracefully shutting down
2022/06/03 06:16:00 [notice] 30#30: gracefully shutting down
2022/06/03 06:16:00 [notice] 31#31: gracefully shutting down
2022/06/03 06:16:00 [notice] 33#33: exiting
2022/06/03 06:16:00 [notice] 30#30: exiting
2022/06/03 06:16:00 [notice] 32#32: exiting
2022/06/03 06:16:00 [notice] 31#31: exiting
2022/06/03 06:16:00 [notice] 33#33: exit
2022/06/03 06:16:00 [notice] 32#32: exit
2022/06/03 06:16:00 [notice] 31#31: exit
2022/06/03 06:16:00 [notice] 30#30: exit
2022/06/03 06:16:01 [notice] 1#1: signal 17 (SIGCHLD) received from 32
2022/06/03 06:16:01 [notice] 1#1: worker process 30 exited with code 0
2022/06/03 06:16:01 [notice] 1#1: worker process 31 exited with code 0
2022/06/03 06:16:01 [notice] 1#1: worker process 32 exited with code 0
2022/06/03 06:16:01 [notice] 1#1: worker process 33 exited with code 0
2022/06/03 06:16:01 [notice] 1#1: exit
2022/08/28 00:26:55 [notice] 1#1: using the "epoll" event method
2022/08/28 00:26:55 [notice] 1#1: nginx/1.21.6
2022/08/28 00:26:55 [notice] 1#1: built by gcc 10.2.1 20210110 (Debian 10.2.1-6) 
2022/08/28 00:26:55 [notice] 1#1: OS: Linux 5.10.25-linuxkit
2022/08/28 00:26:55 [notice] 1#1: getrlimit(RLIMIT_NOFILE): 1048576:1048576
2022/08/28 00:26:55 [notice] 1#1: start worker processes
2022/08/28 00:26:55 [notice] 1#1: start worker process 31
2022/08/28 00:26:55 [notice] 1#1: start worker process 32
2022/08/28 00:26:55 [notice] 1#1: start worker process 33
2022/08/28 00:26:55 [notice] 1#1: start worker process 34
2022/08/29 06:47:40 [notice] 1#1: signal 3 (SIGQUIT) received, shutting down
2022/08/29 06:47:41 [notice] 31#31: gracefully shutting down
2022/08/29 06:47:41 [notice] 33#33: gracefully shutting down
2022/08/29 06:47:41 [notice] 32#32: gracefully shutting down
2022/08/29 06:47:41 [notice] 34#34: gracefully shutting down
2022/08/29 06:47:41 [notice] 32#32: exiting
2022/08/29 06:47:41 [notice] 31#31: exiting
2022/08/29 06:47:41 [notice] 34#34: exiting
2022/08/29 06:47:41 [notice] 33#33: exiting
2022/08/29 06:47:41 [notice] 34#34: exit
2022/08/29 06:47:41 [notice] 33#33: exit
2022/08/29 06:47:41 [notice] 32#32: exit
2022/08/29 06:47:41 [notice] 31#31: exit
2022/08/29 06:47:41 [notice] 1#1: signal 17 (SIGCHLD) received from 34
2022/08/29 06:47:41 [notice] 1#1: worker process 31 exited with code 0
2022/08/29 06:47:41 [notice] 1#1: worker process 32 exited with code 0
2022/08/29 06:47:41 [notice] 1#1: worker process 33 exited with code 0
2022/08/29 06:47:41 [notice] 1#1: worker process 34 exited with code 0
2022/08/29 06:47:41 [notice] 1#1: exit
2022/08/31 14:19:40 [notice] 1#1: using the "epoll" event method
2022/08/31 14:19:40 [notice] 1#1: nginx/1.23.1
2022/08/31 14:19:40 [notice] 1#1: built by gcc 10.2.1 20210110 (Debian 10.2.1-6) 
2022/08/31 14:19:40 [notice] 1#1: OS: Linux 5.10.25-linuxkit
2022/08/31 14:19:40 [notice] 1#1: getrlimit(RLIMIT_NOFILE): 1048576:1048576
2022/08/31 14:19:40 [notice] 1#1: start worker processes
2022/08/31 14:19:40 [notice] 1#1: start worker process 31
2022/08/31 14:19:40 [notice] 1#1: start worker process 32
2022/08/31 14:19:40 [notice] 1#1: start worker process 33
2022/08/31 14:19:40 [notice] 1#1: start worker process 34
2022/08/31 14:32:01 [notice] 1#1: signal 3 (SIGQUIT) received, shutting down
2022/08/31 14:32:01 [notice] 31#31: gracefully shutting down
2022/08/31 14:32:01 [notice] 33#33: gracefully shutting down
2022/08/31 14:32:01 [notice] 32#32: gracefully shutting down
2022/08/31 14:32:01 [notice] 32#32: exiting
2022/08/31 14:32:01 [notice] 34#34: gracefully shutting down
2022/08/31 14:32:01 [notice] 33#33: exiting
2022/08/31 14:32:01 [notice] 33#33: exit
2022/08/31 14:32:01 [notice] 31#31: exiting
2022/08/31 14:32:01 [notice] 31#31: exit
2022/08/31 14:32:01 [notice] 34#34: exiting
2022/08/31 14:32:01 [notice] 34#34: exit
2022/08/31 14:32:01 [notice] 32#32: exit
2022/08/31 14:32:01 [notice] 1#1: signal 17 (SIGCHLD) received from 31
2022/08/31 14:32:01 [notice] 1#1: worker process 31 exited with code 0
2022/08/31 14:32:01 [notice] 1#1: worker process 34 exited with code 0
2022/08/31 14:32:01 [notice] 1#1: signal 29 (SIGIO) received
2022/08/31 14:32:01 [notice] 1#1: signal 17 (SIGCHLD) received from 34
2022/08/31 14:32:01 [notice] 1#1: worker process 33 exited with code 0
2022/08/31 14:32:01 [notice] 1#1: signal 29 (SIGIO) received
2022/08/31 14:32:01 [notice] 1#1: signal 17 (SIGCHLD) received from 33
2022/08/31 14:32:01 [notice] 1#1: worker process 32 exited with code 0
2022/08/31 14:32:01 [notice] 1#1: exit
2022/08/31 14:32:21 [notice] 1#1: using the "epoll" event method
2022/08/31 14:32:21 [notice] 1#1: nginx/1.23.1
2022/08/31 14:32:21 [notice] 1#1: built by gcc 10.2.1 20210110 (Debian 10.2.1-6) 
2022/08/31 14:32:21 [notice] 1#1: OS: Linux 5.10.25-linuxkit
2022/08/31 14:32:21 [notice] 1#1: getrlimit(RLIMIT_NOFILE): 1048576:1048576
2022/08/31 14:32:21 [notice] 1#1: start worker processes
2022/08/31 14:32:21 [notice] 1#1: start worker process 31
2022/08/31 14:32:21 [notice] 1#1: start worker process 32
2022/08/31 14:32:21 [notice] 1#1: start worker process 33
2022/08/31 14:32:21 [notice] 1#1: start worker process 34
2022/08/31 14:45:17 [notice] 1#1: signal 3 (SIGQUIT) received, shutting down
2022/08/31 14:45:17 [notice] 32#32: gracefully shutting down
2022/08/31 14:45:17 [notice] 34#34: gracefully shutting down
2022/08/31 14:45:17 [notice] 32#32: exiting
2022/08/31 14:45:17 [notice] 31#31: gracefully shutting down
2022/08/31 14:45:17 [notice] 33#33: gracefully shutting down
2022/08/31 14:45:17 [notice] 32#32: exit
2022/08/31 14:45:17 [notice] 34#34: exiting
2022/08/31 14:45:17 [notice] 34#34: exit
2022/08/31 14:45:17 [notice] 31#31: exiting
2022/08/31 14:45:17 [notice] 31#31: exit
2022/08/31 14:45:17 [notice] 33#33: exiting
2022/08/31 14:45:17 [notice] 33#33: exit
2022/08/31 14:45:17 [notice] 1#1: signal 17 (SIGCHLD) received from 32
2022/08/31 14:45:17 [notice] 1#1: worker process 32 exited with code 0
2022/08/31 14:45:17 [notice] 1#1: signal 29 (SIGIO) received
2022/08/31 14:45:17 [notice] 1#1: signal 17 (SIGCHLD) received from 31
2022/08/31 14:45:17 [notice] 1#1: worker process 31 exited with code 0
2022/08/31 14:45:17 [notice] 1#1: worker process 33 exited with code 0
2022/08/31 14:45:17 [notice] 1#1: signal 29 (SIGIO) received
2022/08/31 14:45:17 [notice] 1#1: signal 17 (SIGCHLD) received from 33
2022/08/31 14:45:17 [notice] 1#1: signal 17 (SIGCHLD) received from 34
2022/08/31 14:45:17 [notice] 1#1: worker process 34 exited with code 0
2022/08/31 14:45:17 [notice] 1#1: exit
2022/08/31 14:45:45 [notice] 1#1: using the "epoll" event method
2022/08/31 14:45:45 [notice] 1#1: nginx/1.23.1
2022/08/31 14:45:45 [notice] 1#1: built by gcc 10.2.1 20210110 (Debian 10.2.1-6) 
2022/08/31 14:45:45 [notice] 1#1: OS: Linux 5.10.25-linuxkit
2022/08/31 14:45:45 [notice] 1#1: getrlimit(RLIMIT_NOFILE): 1048576:1048576
2022/08/31 14:45:45 [notice] 1#1: start worker processes
2022/08/31 14:45:45 [notice] 1#1: start worker process 30
2022/08/31 14:45:45 [notice] 1#1: start worker process 31
2022/08/31 14:45:45 [notice] 1#1: start worker process 32
2022/08/31 14:45:45 [notice] 1#1: start worker process 33
2022/08/31 15:12:13 [notice] 1#1: signal 3 (SIGQUIT) received, shutting down
2022/08/31 15:12:13 [notice] 30#30: gracefully shutting down
2022/08/31 15:12:13 [notice] 31#31: gracefully shutting down
2022/08/31 15:12:13 [notice] 33#33: gracefully shutting down
2022/08/31 15:12:13 [notice] 31#31: exiting
2022/08/31 15:12:13 [notice] 30#30: exiting
2022/08/31 15:12:13 [notice] 32#32: gracefully shutting down
2022/08/31 15:12:13 [notice] 33#33: exiting
2022/08/31 15:12:13 [notice] 33#33: exit
2022/08/31 15:12:13 [notice] 30#30: exit
2022/08/31 15:12:13 [notice] 31#31: exit
2022/08/31 15:12:13 [notice] 32#32: exiting
2022/08/31 15:12:13 [notice] 32#32: exit
2022/08/31 15:12:13 [notice] 1#1: signal 17 (SIGCHLD) received from 33
2022/08/31 15:12:13 [notice] 1#1: worker process 33 exited with code 0
2022/08/31 15:12:13 [notice] 1#1: worker process 31 exited with code 0
2022/08/31 15:12:13 [notice] 1#1: signal 29 (SIGIO) received
2022/08/31 15:12:13 [notice] 1#1: signal 17 (SIGCHLD) received from 31
2022/08/31 15:12:13 [notice] 1#1: signal 17 (SIGCHLD) received from 30
2022/08/31 15:12:13 [notice] 1#1: worker process 30 exited with code 0
2022/08/31 15:12:13 [notice] 1#1: worker process 32 exited with code 0
2022/08/31 15:12:13 [notice] 1#1: exit
2022/08/31 15:12:59 [notice] 1#1: using the "epoll" event method
2022/08/31 15:12:59 [notice] 1#1: nginx/1.23.1
2022/08/31 15:12:59 [notice] 1#1: built by gcc 10.2.1 20210110 (Debian 10.2.1-6) 
2022/08/31 15:12:59 [notice] 1#1: OS: Linux 5.10.25-linuxkit
2022/08/31 15:12:59 [notice] 1#1: getrlimit(RLIMIT_NOFILE): 1048576:1048576
2022/08/31 15:12:59 [notice] 1#1: start worker processes
2022/08/31 15:12:59 [notice] 1#1: start worker process 31
2022/08/31 15:12:59 [notice] 1#1: start worker process 32
2022/08/31 15:12:59 [notice] 1#1: start worker process 33
2022/08/31 15:12:59 [notice] 1#1: start worker process 34
